2024-05-29 08:31:31,679 [INFO] Activator:176 - 


2024-05-29 08:31:31,683 [INFO] Activator:177 - !SESSION log4j initialized
2024-05-29 08:31:36,832 [INFO] LogOutputStream:77 - [STDOUT_REDIRECT] 
2024-05-29 08:31:42,531 [INFO] ApplicationProperties:184 - Using Application install path: C:\ST\STM32CubeIDE_1.15.1\STM32CubeIDE\plugins\com.st.stm32cube.common.mx_6.11.1.202404110753
2024-05-29 08:31:42,568 [INFO] DbMcusXml:78 - Set database path to: C:\ST\STM32CubeIDE_1.15.1\STM32CubeIDE\plugins\com.st.stm32cube.common.mx_6.11.1.202404110753\\db\/mcu/
2024-05-29 08:31:42,569 [INFO] ApiDb:274 - Set plugin database path to: C:\ST\STM32CubeIDE_1.15.1\STM32CubeIDE\plugins\com.st.stm32cube.common.mx_6.11.1.202404110753\\db\/plugins/boardmanager/
2024-05-29 08:31:42,570 [WARN] ApiDb:259 - Overriding images path with different value:  => C:\ST\STM32CubeIDE_1.15.1\STM32CubeIDE\plugins\com.st.stm32cube.common.mx_6.11.1.202404110753\\db\/plugins/mcufinder/images/
2024-05-29 08:31:47,094 [WARN] ApiFinderProperties:113 - C:\Users\FREDRRX\.stmcufinder\plugins\mcufinder\mcu\mcuFinder.mfd doesn't exist
2024-05-29 08:31:47,096 [INFO] ApiDb:250 - Set database path to: C:\Users\FREDRRX\.stmcufinder\plugins\mcufinder//mcu/
2024-05-29 08:31:47,099 [INFO] DbMcusAds:125 - Set database path to: C:\Users\FREDRRX\.stmcufinder\plugins\mcufinder//mcu/
2024-05-29 08:31:47,101 [INFO] CrossReferenceDbSqlite:203 - Set database path to: C:\Users\FREDRRX\.stmcufinder\plugins\mcufinder//mcu/cs/
2024-05-29 08:31:47,273 [INFO] RulesReader:64 - Compatibility file has been processed (297 Rules)
2024-05-29 08:31:47,540 [INFO] DbMcusXml:78 - Set database path to: C:\ST\STM32CubeIDE_1.15.1\STM32CubeIDE\plugins\com.st.stm32cube.common.mx_6.11.1.202404110753\\db\/mcu/
2024-05-29 08:31:47,541 [INFO] ApiDb:274 - Set plugin database path to: C:\ST\STM32CubeIDE_1.15.1\STM32CubeIDE\plugins\com.st.stm32cube.common.mx_6.11.1.202404110753\\db\/plugins/boardmanager/
2024-05-29 08:31:47,541 [INFO] ApiDb:261 - Set plugin images path to: C:\ST\STM32CubeIDE_1.15.1\STM32CubeIDE\plugins\com.st.stm32cube.common.mx_6.11.1.202404110753\\db\/plugins/mcufinder/images/
2024-05-29 08:31:47,541 [WARN] DbFile:41 - Overriding database path with different value: C:\Users\FREDRRX\.stmcufinder\plugins\mcufinder/ => C:\Users\FREDRRX\.stmcufinder\plugins\mcufinder
2024-05-29 08:31:47,541 [INFO] ApiDb:250 - Set database path to: C:\Users\FREDRRX\.stmcufinder\plugins\mcufinder//mcu/
2024-05-29 08:31:47,541 [WARN] DbFile:41 - Overriding database path with different value: C:\Users\FREDRRX\.stmcufinder\plugins\mcufinder/ => C:\Users\FREDRRX\.stmcufinder\plugins\mcufinder
2024-05-29 08:31:47,541 [INFO] DbMcusAds:125 - Set database path to: C:\Users\FREDRRX\.stmcufinder\plugins\mcufinder//mcu/
2024-05-29 08:31:47,542 [WARN] DbFile:41 - Overriding database path with different value: C:\Users\FREDRRX\.stmcufinder\plugins\mcufinder/ => C:\Users\FREDRRX\.stmcufinder\plugins\mcufinder
2024-05-29 08:31:47,542 [WARN] DbFile:41 - Overriding database path with different value: C:\Users\FREDRRX\.stmcufinder\plugins\mcufinder/ => C:\Users\FREDRRX\.stmcufinder\plugins\mcufinder
2024-05-29 08:31:47,545 [INFO] CrossReferenceDbSqlite:203 - Set database path to: C:\Users\FREDRRX\.stmcufinder\plugins\mcufinder//mcu/cs/
2024-05-29 08:31:47,661 [INFO] MainPanel:264 - HeapMemory: 268435456
2024-05-29 08:31:47,737 [INFO] DbMcusXml:78 - Set database path to: C:\ST\STM32CubeIDE_1.15.1\STM32CubeIDE\plugins\com.st.stm32cube.common.mx_6.11.1.202404110753\\db\/mcu/
2024-05-29 08:31:47,737 [INFO] ApiDb:274 - Set plugin database path to: C:\ST\STM32CubeIDE_1.15.1\STM32CubeIDE\plugins\com.st.stm32cube.common.mx_6.11.1.202404110753\\db\/plugins/boardmanager/
2024-05-29 08:31:47,737 [INFO] ApiDb:261 - Set plugin images path to: C:\ST\STM32CubeIDE_1.15.1\STM32CubeIDE\plugins\com.st.stm32cube.common.mx_6.11.1.202404110753\\db\/plugins/mcufinder/images/
2024-05-29 08:31:47,738 [WARN] DbFile:41 - Overriding database path with different value: C:\Users\FREDRRX\.stmcufinder\plugins\mcufinder/ => C:\Users\FREDRRX\.stmcufinder\plugins\mcufinder
2024-05-29 08:31:47,738 [INFO] ApiDb:250 - Set database path to: C:\Users\FREDRRX\.stmcufinder\plugins\mcufinder//mcu/
2024-05-29 08:31:47,738 [WARN] DbFile:41 - Overriding database path with different value: C:\Users\FREDRRX\.stmcufinder\plugins\mcufinder/ => C:\Users\FREDRRX\.stmcufinder\plugins\mcufinder
2024-05-29 08:31:47,738 [INFO] DbMcusAds:125 - Set database path to: C:\Users\FREDRRX\.stmcufinder\plugins\mcufinder//mcu/
2024-05-29 08:31:47,738 [WARN] DbFile:41 - Overriding database path with different value: C:\Users\FREDRRX\.stmcufinder\plugins\mcufinder/ => C:\Users\FREDRRX\.stmcufinder\plugins\mcufinder
2024-05-29 08:31:47,738 [WARN] DbFile:41 - Overriding database path with different value: C:\Users\FREDRRX\.stmcufinder\plugins\mcufinder/ => C:\Users\FREDRRX\.stmcufinder\plugins\mcufinder
2024-05-29 08:31:47,738 [INFO] CrossReferenceDbSqlite:203 - Set database path to: C:\Users\FREDRRX\.stmcufinder\plugins\mcufinder//mcu/cs/
2024-05-29 08:31:47,761 [INFO] ApplicationProperties:184 - Using Application install path: C:\ST\STM32CubeIDE_1.15.1\STM32CubeIDE\plugins\com.st.stm32cube.common.mx_6.11.1.202404110753
2024-05-29 08:31:47,763 [INFO] PluginManage:196 - Search for loadable plugins [exclusion list=, ]
2024-05-29 08:31:47,765 [INFO] PluginManage:310 - Check plugin analytics
2024-05-29 08:31:47,983 [INFO] AnalyticsPlugin:253 - Accepted Software Licenses: 
2024-05-29 08:31:47,984 [INFO] AnalyticsPlugin:255 - Accepted CMSIS Pack Licenses: 
2024-05-29 08:31:47,984 [INFO] AnalyticsPlugin:257 - Accepted Firmware Licenses: 
2024-05-29 08:31:47,990 [INFO] PluginManage:359 - Loaded plugin analytics (category:tool,tabindex:-1)
2024-05-29 08:31:47,990 [INFO] PluginManage:310 - Check plugin cadmodel
2024-05-29 08:31:47,997 [INFO] CADModel:105 - Init CAD model plugin
2024-05-29 08:31:47,997 [INFO] PluginManage:359 - Loaded plugin cadmodel (category:power,tabindex:5)
2024-05-29 08:31:47,998 [INFO] PluginManage:310 - Check plugin clock
2024-05-29 08:31:48,010 [INFO] PluginManage:359 - Loaded plugin clock (category:base,tabindex:2)
2024-05-29 08:31:48,010 [INFO] PluginManage:310 - Check plugin ddr
2024-05-29 08:31:48,013 [INFO] PluginManage:359 - Loaded plugin ddr (category:tool,tabindex:6)
2024-05-29 08:31:48,013 [INFO] PluginManage:310 - Check plugin filemanager
2024-05-29 08:31:48,237 [INFO] PluginManage:359 - Loaded plugin filemanager (category:base,tabindex:10)
2024-05-29 08:31:48,237 [INFO] PluginManage:310 - Check plugin ipmanager
2024-05-29 08:31:48,250 [INFO] PluginManage:359 - Loaded plugin ipmanager (category:base,tabindex:5)
2024-05-29 08:31:48,250 [INFO] PluginManage:310 - Check plugin lpbam
2024-05-29 08:31:48,260 [INFO] PluginManage:359 - Loaded plugin lpbam (category:base,tabindex:0)
2024-05-29 08:31:48,260 [INFO] PluginManage:310 - Check plugin memorymap
2024-05-29 08:31:48,284 [INFO] PluginManage:359 - Loaded plugin memorymap (category:base,tabindex:4)
2024-05-29 08:31:48,284 [INFO] PluginManage:310 - Check plugin pinoutandconfiguration
2024-05-29 08:31:48,294 [INFO] PluginManage:359 - Loaded plugin pinoutandconfiguration (category:base,tabindex:1)
2024-05-29 08:31:48,294 [INFO] PluginManage:310 - Check plugin pinoutconfig
2024-05-29 08:31:48,475 [WARN] SupportedApi:132 - Cannot load RTOS API schema: s4s-elt-must-match.1: The content of 'definitions' must match (annotation?, (simpleType | complexType)?, (unique | key | keyref)*)). A problem was found starting at: attribute.
2024-05-29 08:31:48,639 [INFO] PluginManage:359 - Loaded plugin pinoutconfig (category:base,tabindex:0)
2024-05-29 08:31:48,640 [INFO] PluginManage:310 - Check plugin power
2024-05-29 08:31:48,652 [INFO] PluginManage:359 - Loaded plugin power (category:power,tabindex:4)
2024-05-29 08:31:48,652 [INFO] PluginManage:310 - Check plugin projectmanager
2024-05-29 08:31:48,678 [INFO] PluginManage:359 - Loaded plugin projectmanager (category:projectmanager,tabindex:3)
2024-05-29 08:31:48,679 [INFO] PluginManage:310 - Check plugin thirdparty
2024-05-29 08:31:48,851 [WARN] IntegrityCheckThread:84 - waiting for thirdparty lock release [integrity check]
2024-05-29 08:31:48,852 [INFO] PluginManage:359 - Loaded plugin thirdparty (category:base,tabindex:-1)
2024-05-29 08:31:48,852 [INFO] IntegrityCheckThread:86 - entering critical section [integrity check]
2024-05-29 08:31:48,852 [INFO] PluginManage:310 - Check plugin tools
2024-05-29 08:31:48,853 [INFO] ThirdPartyUpdaterWithRetryManager:70 - Updater plugin not ready yet. [1/15]
2024-05-29 08:31:48,856 [INFO] PluginManage:359 - Loaded plugin tools (category:base,tabindex:7)
2024-05-29 08:31:48,856 [INFO] PluginManage:310 - Check plugin tutovideos
2024-05-29 08:31:49,072 [INFO] PluginManage:359 - Loaded plugin tutovideos (category:base,tabindex:-1)
2024-05-29 08:31:49,073 [INFO] PluginManage:310 - Check plugin updater
2024-05-29 08:31:49,088 [INFO] PluginManage:359 - Loaded plugin updater (category:base,tabindex:12)
2024-05-29 08:31:49,089 [INFO] PluginManage:310 - Check plugin userauth
2024-05-29 08:31:49,095 [INFO] UserAuth:114 - Init User Auth plugin
2024-05-29 08:31:49,095 [INFO] PluginManage:359 - Loaded plugin userauth (category:base,tabindex:14)
2024-05-29 08:31:49,096 [INFO] PluginManage:283 - PluginManage : Loaded plugins [17]
2024-05-29 08:31:49,629 [INFO] PinOutPanel:1561 - setPackage(No Configuration,No Configuration)
2024-05-29 08:31:49,845 [INFO] CADModel:165 - CPN selected for project level
2024-05-29 08:31:49,845 [INFO] CADModel:114 - Register for checkConnection events
2024-05-29 08:31:49,871 [INFO] IPUIPlugin:80 - create IPUIPlugin
2024-05-29 08:31:49,872 [INFO] PluginManager:220 - loadIPPluginJar : add adc
2024-05-29 08:31:49,876 [INFO] IPUIPlugin:80 - create IPUIPlugin
2024-05-29 08:31:49,876 [INFO] PluginManager:220 - loadIPPluginJar : add aes
2024-05-29 08:31:49,879 [INFO] IPUIPlugin:80 - create IPUIPlugin
2024-05-29 08:31:49,879 [INFO] PluginManager:220 - loadIPPluginJar : add can
2024-05-29 08:31:49,882 [INFO] IPUIPlugin:80 - create IPUIPlugin
2024-05-29 08:31:49,882 [INFO] PluginManager:220 - loadIPPluginJar : add comp
2024-05-29 08:31:49,886 [INFO] IPUIPlugin:80 - create IPUIPlugin
2024-05-29 08:31:49,887 [INFO] PluginManager:220 - loadIPPluginJar : add cryp
2024-05-29 08:31:49,889 [INFO] IPUIPlugin:80 - create IPUIPlugin
2024-05-29 08:31:49,889 [INFO] PluginManager:220 - loadIPPluginJar : add dfsdm
2024-05-29 08:31:49,894 [INFO] IPUIPlugin:80 - create IPUIPlugin
2024-05-29 08:31:49,895 [INFO] PluginManager:220 - loadIPPluginJar : add dma
2024-05-29 08:31:49,898 [INFO] IPUIPlugin:80 - create IPUIPlugin
2024-05-29 08:31:49,898 [INFO] PluginManager:220 - loadIPPluginJar : add dma3
2024-05-29 08:31:49,902 [INFO] IPUIPlugin:80 - create IPUIPlugin
2024-05-29 08:31:49,902 [INFO] PluginManager:220 - loadIPPluginJar : add extmemmanager
2024-05-29 08:31:49,904 [INFO] IPUIPlugin:80 - create IPUIPlugin
2024-05-29 08:31:49,904 [INFO] PluginManager:220 - loadIPPluginJar : add fatfs
2024-05-29 08:31:49,914 [INFO] IPUIPlugin:80 - create IPUIPlugin
2024-05-29 08:31:49,914 [INFO] PluginManager:220 - loadIPPluginJar : add fmc
2024-05-29 08:31:49,929 [INFO] IPUIPlugin:80 - create IPUIPlugin
2024-05-29 08:31:49,930 [INFO] PluginManager:220 - loadIPPluginJar : add freertos
2024-05-29 08:31:49,934 [INFO] IPUIPlugin:80 - create IPUIPlugin
2024-05-29 08:31:49,936 [INFO] PluginManager:220 - loadIPPluginJar : add genericplugin
2024-05-29 08:31:49,943 [INFO] IPUIPlugin:80 - create IPUIPlugin
2024-05-29 08:31:49,944 [INFO] PluginManager:220 - loadIPPluginJar : add gfxmmu
2024-05-29 08:31:49,960 [INFO] IPUIPlugin:80 - create IPUIPlugin
2024-05-29 08:31:49,961 [INFO] PluginManager:220 - loadIPPluginJar : add gic
2024-05-29 08:31:49,968 [INFO] IPUIPlugin:80 - create IPUIPlugin
2024-05-29 08:31:49,971 [INFO] PluginManager:220 - loadIPPluginJar : add gpio
2024-05-29 08:31:49,977 [INFO] IPUIPlugin:80 - create IPUIPlugin
2024-05-29 08:31:49,977 [INFO] PluginManager:220 - loadIPPluginJar : add gtzc
2024-05-29 08:31:49,980 [INFO] IPUIPlugin:80 - create IPUIPlugin
2024-05-29 08:31:49,981 [INFO] PluginManager:220 - loadIPPluginJar : add hash
2024-05-29 08:31:49,993 [INFO] IPUIPlugin:80 - create IPUIPlugin
2024-05-29 08:31:49,993 [INFO] PluginManager:220 - loadIPPluginJar : add i2c
2024-05-29 08:31:49,997 [INFO] IPUIPlugin:80 - create IPUIPlugin
2024-05-29 08:31:49,997 [INFO] PluginManager:220 - loadIPPluginJar : add i2s
2024-05-29 08:31:50,006 [INFO] IPUIPlugin:80 - create IPUIPlugin
2024-05-29 08:31:50,006 [INFO] PluginManager:220 - loadIPPluginJar : add i3c
2024-05-29 08:31:50,011 [INFO] IPUIPlugin:80 - create IPUIPlugin
2024-05-29 08:31:50,011 [INFO] PluginManager:220 - loadIPPluginJar : add ipddr
2024-05-29 08:31:50,027 [INFO] IPUIPlugin:80 - create IPUIPlugin
2024-05-29 08:31:50,027 [INFO] PluginManager:220 - loadIPPluginJar : add linkedlist
2024-05-29 08:31:50,030 [INFO] IPUIPlugin:80 - create IPUIPlugin
2024-05-29 08:31:50,031 [INFO] PluginManager:220 - loadIPPluginJar : add lorawan
2024-05-29 08:31:50,035 [INFO] IPUIPlugin:80 - create IPUIPlugin
2024-05-29 08:31:50,035 [INFO] PluginManager:220 - loadIPPluginJar : add ltdc
2024-05-29 08:31:50,044 [INFO] IPUIPlugin:80 - create IPUIPlugin
2024-05-29 08:31:50,045 [INFO] PluginManager:220 - loadIPPluginJar : add mdma
2024-05-29 08:31:50,049 [INFO] IPUIPlugin:80 - create IPUIPlugin
2024-05-29 08:31:50,050 [INFO] PluginManager:220 - loadIPPluginJar : add nvic
2024-05-29 08:31:50,061 [INFO] IPUIPlugin:80 - create IPUIPlugin
2024-05-29 08:31:50,061 [INFO] PluginManager:220 - loadIPPluginJar : add opamp
2024-05-29 08:31:50,067 [INFO] IPUIPlugin:80 - create IPUIPlugin
2024-05-29 08:31:50,069 [INFO] PluginManager:220 - loadIPPluginJar : add openamp
2024-05-29 08:31:50,075 [INFO] IPUIPlugin:80 - create IPUIPlugin
2024-05-29 08:31:50,076 [INFO] PluginManager:220 - loadIPPluginJar : add pdm2pcm
2024-05-29 08:31:50,088 [INFO] IPUIPlugin:80 - create IPUIPlugin
2024-05-29 08:31:50,091 [INFO] PluginManager:220 - loadIPPluginJar : add plateformsettings
2024-05-29 08:31:50,093 [INFO] IPUIPlugin:80 - create IPUIPlugin
2024-05-29 08:31:50,094 [INFO] PluginManager:220 - loadIPPluginJar : add quadspi
2024-05-29 08:31:50,098 [INFO] IPUIPlugin:80 - create IPUIPlugin
2024-05-29 08:31:50,098 [INFO] PluginManager:220 - loadIPPluginJar : add resmgrutility
2024-05-29 08:31:50,108 [INFO] IPUIPlugin:80 - create IPUIPlugin
2024-05-29 08:31:50,108 [INFO] PluginManager:220 - loadIPPluginJar : add sai
2024-05-29 08:31:50,112 [INFO] IPUIPlugin:80 - create IPUIPlugin
2024-05-29 08:31:50,112 [INFO] PluginManager:220 - loadIPPluginJar : add spi
2024-05-29 08:31:50,123 [INFO] IPUIPlugin:80 - create IPUIPlugin
2024-05-29 08:31:50,123 [INFO] PluginManager:220 - loadIPPluginJar : add stm32_wpan
2024-05-29 08:31:50,126 [INFO] IPUIPlugin:80 - create IPUIPlugin
2024-05-29 08:31:50,126 [INFO] PluginManager:220 - loadIPPluginJar : add tim
2024-05-29 08:31:50,130 [INFO] IPUIPlugin:80 - create IPUIPlugin
2024-05-29 08:31:50,130 [INFO] PluginManager:220 - loadIPPluginJar : add touchsensing
2024-05-29 08:31:50,134 [INFO] IPUIPlugin:80 - create IPUIPlugin
2024-05-29 08:31:50,134 [INFO] PluginManager:220 - loadIPPluginJar : add tracer_emb
2024-05-29 08:31:50,138 [INFO] IPUIPlugin:80 - create IPUIPlugin
2024-05-29 08:31:50,138 [INFO] PluginManager:220 - loadIPPluginJar : add ts
2024-05-29 08:31:50,140 [INFO] IPUIPlugin:80 - create IPUIPlugin
2024-05-29 08:31:50,141 [INFO] PluginManager:220 - loadIPPluginJar : add tsc
2024-05-29 08:31:50,143 [INFO] IPUIPlugin:80 - create IPUIPlugin
2024-05-29 08:31:50,143 [INFO] PluginManager:220 - loadIPPluginJar : add ucpd
2024-05-29 08:31:50,147 [INFO] IPUIPlugin:80 - create IPUIPlugin
2024-05-29 08:31:50,147 [INFO] PluginManager:220 - loadIPPluginJar : add usart
2024-05-29 08:31:50,155 [INFO] IPUIPlugin:80 - create IPUIPlugin
2024-05-29 08:31:50,155 [INFO] PluginManager:220 - loadIPPluginJar : add usbx
2024-05-29 08:31:50,342 [INFO] CADModel:165 - CPN selected for project level
2024-05-29 08:31:50,342 [INFO] CADModel:114 - Register for checkConnection events
2024-05-29 08:31:50,343 [FATAL] Updater:308 - Updater called before beeing initialized
2024-05-29 08:31:50,343 [ERROR] CADModel:125 - Updater not yet initialized, retry later 
2024-05-29 08:31:50,579 [INFO] CADModel:165 - CPN selected for project level
2024-05-29 08:31:50,580 [INFO] CADModel:114 - Register for checkConnection events
2024-05-29 08:31:50,580 [FATAL] Updater:308 - Updater called before beeing initialized
2024-05-29 08:31:50,580 [ERROR] CADModel:125 - Updater not yet initialized, retry later 
2024-05-29 08:31:50,589 [FATAL] Updater:308 - Updater called before beeing initialized
2024-05-29 08:31:50,897 [FATAL] Updater:308 - Updater called before beeing initialized
2024-05-29 08:31:50,907 [INFO] DbMcusAds:53 - JSON generation date=Thu Sep 30 01:55:09 CDT 2021 (1632984909247)
2024-05-29 08:31:50,908 [FATAL] Updater:308 - Updater called before beeing initialized
2024-05-29 08:31:51,003 [WARN] DetailPanel:346 - Failed to get advertising image, set to default
2024-05-29 08:31:51,245 [FATAL] Updater:308 - Updater called before beeing initialized
2024-05-29 08:31:51,250 [FATAL] Updater:308 - Updater called before beeing initialized
2024-05-29 08:31:51,252 [FATAL] Updater:308 - Updater called before beeing initialized
2024-05-29 08:31:51,254 [WARN] DetailPanel:346 - Failed to get advertising image, set to default
2024-05-29 08:31:51,258 [FATAL] Updater:308 - Updater called before beeing initialized
2024-05-29 08:31:51,384 [ERROR] Updater:1120 - MainUpdater not yet initialized. External WinMGr cannot be set.
2024-05-29 08:31:51,395 [INFO] Updater:1056 - Updater Version found : 6.11.1
2024-05-29 08:31:51,454 [INFO] ApplicationProperties:184 - Using Application install path: C:\ST\STM32CubeIDE_1.15.1\STM32CubeIDE\plugins\com.st.stm32cube.common.mx_6.11.1.202404110753
2024-05-29 08:31:51,631 [INFO] MainUpdater:526 - Copy updater definitions from MX database
2024-05-29 08:31:51,779 [INFO] MainUpdater:559 - Copy flag file definitions from MX database
2024-05-29 08:31:51,790 [INFO] MainUpdater:575 - Copy thirdparty index definitions from MX database
2024-05-29 08:31:51,797 [INFO] MainUpdater:594 - Copy default thirdparty db definitions from MX database
2024-05-29 08:31:51,856 [INFO] ThirdPartyUpdaterWithRetryManager:70 - Updater plugin not ready yet. [2/15]
2024-05-29 08:31:52,099 [INFO] MainUpdater:2873 - connection check result : 10
2024-05-29 08:31:52,099 [INFO] MainUpdater:3567 - Updater definition file requires update
2024-05-29 08:31:52,102 [INFO] MainUpdater:290 - Updater Check For Update Now.
2024-05-29 08:31:52,102 [INFO] MicroXplorer:498 - Change Database Version : DB.6.0.111
2024-05-29 08:31:52,114 [INFO] McuFinderGlobals:63 - Set McuFinder mode to 2 (CubeIDE integrated)
2024-05-29 08:31:52,115 [INFO] UserAuth:179 - activating auth plugin
2024-05-29 08:31:52,120 [INFO] UserAuth:415 - Internet connection configuration mode: 1
2024-05-29 08:31:52,138 [INFO] JxBrowserEngine:152 - Initiate JxBrowser Engine with user profile folder
2024-05-29 08:31:52,140 [INFO] ServerAccessManage:473 - Download File updaters.zip
2024-05-29 08:31:52,240 [INFO] FileExtend:240 - Unzip File : updaters.zip
2024-05-29 08:31:52,240 [INFO] FileExtend:255 - Standard Zip Deflate
2024-05-29 08:31:53,205 [INFO] ServerAccessManage:473 - Download File PacksControlFlags.xml
2024-05-29 08:31:53,328 [INFO] ServerAccessManage:473 - Download File cubemx.pidx
2024-05-29 08:31:53,973 [INFO] ServerAccessManage:473 - Download File STMicroelectronics.FP-ATR-ASTRA1.pdsc
2024-05-29 08:31:54,858 [WARN] MainUpdater:1194 - Updater busy. Cannot search thirdparties
2024-05-29 08:31:54,859 [INFO] ThirdPartyUpdaterWithRetryManager:96 - Updater plugin is busy. [1/15]
2024-05-29 08:31:56,341 [INFO] ServerAccessManage:473 - Download File STMicroelectronics.FP-ATR-SIGFOX1.pdsc
2024-05-29 08:31:56,898 [INFO] ServerAccessManage:473 - Download File STMicroelectronics.FP-SNS-FLIGHT1.pdsc
2024-05-29 08:31:57,859 [WARN] MainUpdater:1194 - Updater busy. Cannot search thirdparties
2024-05-29 08:31:57,860 [INFO] ThirdPartyUpdaterWithRetryManager:96 - Updater plugin is busy. [2/15]
2024-05-29 08:31:57,995 [INFO] McuFinderGlobals:63 - Set McuFinder mode to 2 (CubeIDE integrated)
2024-05-29 08:31:58,861 [INFO] ServerAccessManage:473 - Download File STMicroelectronics.FP-SNS-MOTENV1.pdsc
2024-05-29 08:31:59,762 [INFO] WebApp:161 - Instantiating new browser for Auth
2024-05-29 08:32:00,755 [INFO] WebApp:779 - Register for checkConnection events
2024-05-29 08:32:00,755 [INFO] WebApp:414 - Apply proxy settings
2024-05-29 08:32:00,756 [INFO] WebApp:499 - Chromium requires no authentication
2024-05-29 08:32:00,767 [INFO] WebApp:442 - Direct internet connection detected
2024-05-29 08:32:00,861 [WARN] MainUpdater:1194 - Updater busy. Cannot search thirdparties
2024-05-29 08:32:00,862 [INFO] ThirdPartyUpdaterWithRetryManager:96 - Updater plugin is busy. [3/15]
2024-05-29 08:32:01,023 [INFO] WebApp:192 - Starting web application
2024-05-29 08:32:01,024 [INFO] WebApp:544 - Web application path used C:\ST\STM32CubeIDE_1.15.1\STM32CubeIDE\plugins\com.st.stm32cube.common.mx_6.11.1.202404110753\db\plugins\mcufinder\reactClient1\index.html
2024-05-29 08:32:01,591 [INFO] ServerAccessManage:473 - Download File STMicroelectronics.FP-SNS-MOTENVWB1.pdsc
2024-05-29 08:32:03,629 [INFO] ServerAccessManage:473 - Download File STMicroelectronics.FP-SNS-SMARTAG2.pdsc
2024-05-29 08:32:03,864 [WARN] MainUpdater:1194 - Updater busy. Cannot search thirdparties
2024-05-29 08:32:03,866 [INFO] ThirdPartyUpdaterWithRetryManager:96 - Updater plugin is busy. [4/15]
2024-05-29 08:32:04,709 [INFO] ServerAccessManage:473 - Download File STMicroelectronics.X-CUBE-AI.pdsc
2024-05-29 08:32:06,866 [WARN] MainUpdater:1194 - Updater busy. Cannot search thirdparties
2024-05-29 08:32:06,866 [INFO] ThirdPartyUpdaterWithRetryManager:96 - Updater plugin is busy. [5/15]
2024-05-29 08:32:09,868 [WARN] MainUpdater:1194 - Updater busy. Cannot search thirdparties
2024-05-29 08:32:09,868 [INFO] ThirdPartyUpdaterWithRetryManager:96 - Updater plugin is busy. [6/15]
2024-05-29 08:32:12,870 [WARN] MainUpdater:1194 - Updater busy. Cannot search thirdparties
2024-05-29 08:32:12,870 [INFO] ThirdPartyUpdaterWithRetryManager:96 - Updater plugin is busy. [7/15]
2024-05-29 08:32:13,206 [INFO] ServerAccessManage:473 - Download File STMicroelectronics.X-CUBE-ALS.pdsc
2024-05-29 08:32:14,066 [INFO] ServerAccessManage:473 - Download File STMicroelectronics.X-CUBE-BLE1.pdsc
2024-05-29 08:32:15,871 [WARN] MainUpdater:1194 - Updater busy. Cannot search thirdparties
2024-05-29 08:32:15,871 [INFO] ThirdPartyUpdaterWithRetryManager:96 - Updater plugin is busy. [8/15]
2024-05-29 08:32:18,062 [INFO] MainUpdater:2873 - connection check result : 10
2024-05-29 08:32:18,872 [WARN] MainUpdater:1194 - Updater busy. Cannot search thirdparties
2024-05-29 08:32:18,872 [INFO] ThirdPartyUpdaterWithRetryManager:96 - Updater plugin is busy. [9/15]
2024-05-29 08:32:21,874 [WARN] MainUpdater:1194 - Updater busy. Cannot search thirdparties
2024-05-29 08:32:21,874 [INFO] ThirdPartyUpdaterWithRetryManager:96 - Updater plugin is busy. [10/15]
2024-05-29 08:32:21,932 [ERROR] ServerAccessManage:1089 - Problem, file not found on Server
2024-05-29 08:32:22,547 [INFO] ServerAccessManage:473 - Download File STMicroelectronics.X-CUBE-BLE2.pdsc
2024-05-29 08:32:24,875 [WARN] MainUpdater:1194 - Updater busy. Cannot search thirdparties
2024-05-29 08:32:24,875 [INFO] ThirdPartyUpdaterWithRetryManager:96 - Updater plugin is busy. [11/15]
2024-05-29 08:32:27,445 [INFO] ServerAccessManage:473 - Download File STMicroelectronics.X-CUBE-BLEMGR.pdsc
2024-05-29 08:32:27,876 [WARN] MainUpdater:1194 - Updater busy. Cannot search thirdparties
2024-05-29 08:32:27,876 [INFO] ThirdPartyUpdaterWithRetryManager:96 - Updater plugin is busy. [12/15]
2024-05-29 08:32:30,877 [WARN] MainUpdater:1194 - Updater busy. Cannot search thirdparties
2024-05-29 08:32:30,878 [INFO] ThirdPartyUpdaterWithRetryManager:96 - Updater plugin is busy. [13/15]
2024-05-29 08:32:31,835 [INFO] ServerAccessManage:473 - Download File STMicroelectronics.X-CUBE-DISPLAY.pdsc
2024-05-29 08:32:33,880 [WARN] MainUpdater:1194 - Updater busy. Cannot search thirdparties
2024-05-29 08:32:33,880 [INFO] ThirdPartyUpdaterWithRetryManager:96 - Updater plugin is busy. [14/15]
2024-05-29 08:32:35,139 [INFO] ServerAccessManage:473 - Download File STMicroelectronics.X-CUBE-EEPRMA1.pdsc
2024-05-29 08:32:36,072 [ERROR] ServerAccessManage:1089 - Problem, file not found on Server
2024-05-29 08:32:36,881 [WARN] MainUpdater:1194 - Updater busy. Cannot search thirdparties
2024-05-29 08:32:36,882 [INFO] ThirdPartyUpdaterWithRetryManager:96 - Updater plugin is busy. [15/15]
2024-05-29 08:32:36,883 [ERROR] IntegrityCheckThread:130 - Cannot retrieve database content from updater: error -1
2024-05-29 08:32:36,884 [INFO] ThirdParty:978 - Integrity check success = false
2024-05-29 08:32:36,884 [INFO] IntegrityCheckThread:100 - exiting critical section [integrity check]
2024-05-29 08:32:36,884 [INFO] IntegrityCheckThread:103 - End integrity checks thread
2024-05-29 08:32:37,878 [ERROR] ServerAccessManage:1089 - Problem, file not found on Server
2024-05-29 08:32:38,652 [INFO] ApiDb:581 - Connected to CubeFinder SQLite database (C:\Users\FREDRRX\.stmcufinder\plugins\mcufinder\mcu\cube-finder-db.db)
2024-05-29 08:32:38,747 [INFO] ApiDb:668 - CubeFinder database Data Model version=2.1
2024-05-29 08:32:38,747 [INFO] ApiDb:669 - CubeFinder database Configuration version=3.0.39
2024-05-29 08:32:38,748 [INFO] ApiDb:670 - CubeFinder database generation date=2024-03-01 (1709305525)
2024-05-29 08:32:38,748 [INFO] ApiDb:671 - CubeFinder database FW Pack versions=[FP-ATR-ASTRA1_V2.0.0, FP-SNS-FLIGHT1_V5.0.1, FP-SNS-FLIGHT1_V5.0.2, FP-SNS-MOTENV1_V4.3.1, FP-SNS-MOTENV1_V4.3.2, FP-SNS-MOTENVWB1_V1.3.1, FP-SNS-SMARTAG2_V1.2.0, STM32Cube_FW_C0_V1.1.0, STM32Cube_FW_F4_V1.28.0, STM32Cube_FW_F7_V1.17.0, STM32Cube_FW_G0_V1.6.2, STM32Cube_FW_G4_V1.5.2, STM32Cube_FW_H5_V0.5.1, STM32Cube_FW_H5_V1.1.1, STM32Cube_FW_H5_V1.2.0, STM32Cube_FW_H5_V1.2.0RC4, STM32Cube_FW_H7RS_V1.0.0, STM32Cube_FW_H7RS_V1.0.0RC4, STM32Cube_FW_H7_V1.11.0, STM32Cube_FW_L0_V1.12.2, STM32Cube_FW_L5_V1.5.1, STM32Cube_FW_U0_V1.0.0, STM32Cube_FW_U0_V1.0.0RC1, STM32Cube_FW_U5_V1.3.0RC4, STM32Cube_FW_U5_V1.5.0, STM32Cube_FW_U5_V1.5.0RC1, STM32Cube_FW_WBA_V1.0.0RC1, STM32Cube_FW_WBA_V1.2.0, STM32Cube_FW_WBA_V1.2.0RC2, STM32Cube_FW_WBA_V1.3.0, STM32Cube_FW_WBA_V1.3.0RC1, STM32Cube_FW_WB_V1.15.0RC1, STM32Cube_FW_WB_V1.16.0, STM32Cube_FW_WB_V1.16.0RC2, STM32Cube_FW_WB_V1.18.0, STM32Cube_FW_WB_V1.19.0, STM32Cube_FW_WL_V1.3.0, X-CUBE-ALGOBUILD_V1.3.0, X-CUBE-ALS_V1.0.1, X-CUBE-AZRTOS-F4_V1.1.0, X-CUBE-AZRTOS-F7_V1.1.0, X-CUBE-AZRTOS-G0_V1.1.0, X-CUBE-AZRTOS-G4_V2.0.0, X-CUBE-AZRTOS-H7_V3.2.0, X-CUBE-AZRTOS-L4_V1.0.0, X-CUBE-AZRTOS-L4_V2.0.0, X-CUBE-AZRTOS-L5_V1.1.0, X-CUBE-AZRTOS-WB_V2.0.0, X-CUBE-AZRTOS-WL_V2.0.0, X-CUBE-BLE1_V7.0.0, X-CUBE-BLE2_V3.3.0, X-CUBE-BLEMGR_V3.1.0, X-CUBE-EEPRMA1_V4.1.0, X-CUBE-EEPRMA1_V5.1.0, X-CUBE-FREERTOS_V1.1.0, X-CUBE-GNSS1_V6.0.0, X-CUBE-MEMS1_V10.0.0, X-CUBE-MEMS1_V9.1.0, X-CUBE-MEMS1_V9.4.0, X-CUBE-MEMS1_V9.6.0, X-CUBE-NFC4_V3.0.0, X-CUBE-NFC7_V1.0.1, X-CUBE-SFXS2LP1_V4.0.0, X-CUBE-SUBG2_V5.0.0, X-CUBE-TOF1_V3.4.0]
2024-05-29 08:32:38,863 [INFO] DbBoardsSqlite:226 - include board P-NUCLEO-WB55-NUCLEO as a kit item of type 'Nucleo-64'
2024-05-29 08:32:38,864 [INFO] DbBoardsSqlite:226 - include board P-NUCLEO-WB55-USBDONGLE as a kit item of type 'Nucleo USB Dongle'
2024-05-29 08:32:38,864 [INFO] DbBoardsSqlite:226 - include board STEVAL-IDP005V1 as a kit item of type 'Evaluation Board'
2024-05-29 08:32:38,865 [INFO] DbBoardsSqlite:226 - include board STEVAL-IDP005V2 as a kit item of type 'Evaluation Board'
2024-05-29 08:32:38,953 [INFO] ApiDb:240 - Found 483 in-development CPN: [B-G473E-ZEST1S, B-WB1M-WPAN1, B-WL5M-SUBG1, NUCLEO-C031C6, NUCLEO-H503RB, NUCLEO-H533RE, NUCLEO-H563ZI, NUCLEO-H7S3L8, NUCLEO-U031R8, NUCLEO-U083RC, NUCLEO-U545RE-Q, NUCLEO-U5A5ZJ-Q, NUCLEO-WBA52CG, NUCLEO-WBA55CG, STEVAL-PROTEUS1, STEVAL-SMARTAG2, STEVAL-STWINBX1, STM320518-EVAL, STM32C0116-DK, STM32C011D6Y3TR, STM32C011D6Y6TR, STM32C011F4P3, STM32C011F4P6, STM32C011F4U3, STM32C011F4U6TR, STM32C011F6P3, STM32C011F6P6, STM32C011F6U3, STM32C011F6U6TR, STM32C011J4M3, STM32C011J4M6, STM32C011J6M3, STM32C011J6M6, STM32C0316-DK, STM32C031C4T3, STM32C031C4T6, STM32C031C4U3, STM32C031C4U6, STM32C031C6T3, STM32C031C6T6, STM32C031C6U3, STM32C031C6U6, STM32C031F4P3, STM32C031F4P6, STM32C031F6P3, STM32C031F6P6, STM32C031G4U3, STM32C031G4U6, STM32C031G6U3, STM32C031G6U6, STM32C031K4T3, STM32C031K4T6, STM32C031K4U3, STM32C031K4U6, STM32C031K6T3, STM32C031K6T6, STM32C031K6U3, STM32C031K6U6, STM32G071K8TXN, STM32G071K8UXN, STM32G081GBU6N, STM32G081KBT6N, STM32G081KBUXN, STM32G0B1CCT6N, STM32G0B1KCT6, STM32G0B1NEY6TR, STM32G0B1RCT6N, STM32G0C1CCT6, STM32G0C1CCT6N, STM32G0C1CCU6N, STM32G0C1CET6N, STM32G0C1CEU6N, STM32G0C1KCT6, STM32G0C1NEY6TR, STM32G0C1RCI6N, STM32G0C1RCT6N, STM32G0C1REI6N, STM32G0C1RET6N, STM32G0C1VCI6, STM32G0C1VEI6, STM32G471CCT6, STM32G471CCU6, STM32G471CET3, STM32G471CET6, STM32G471CEU3, STM32G471CEU6, STM32G471MCT6, STM32G471MET3, STM32G471MET6, STM32G471MEY6TR, STM32G471QCT6, STM32G471QET3, STM32G471RCT6, STM32G471RET3, STM32G471RET6, STM32G471VCH6, STM32G471VCI6, STM32G471VCT6, STM32G471VEH3, STM32G471VEH6, STM32G471VEI3, STM32G471VEI6, STM32G471VET3, STM32G471VET6, STM32G474CCT6, STM32H503CBT6, STM32H503CBU6, STM32H503EBY6TR, STM32H503KBU6, STM32H503RBT6, STM32H523CCT6, STM32H523CCU6, STM32H523CET6, STM32H523CEU6, STM32H523HEY6TR, STM32H523RCT6, STM32H523RET6, STM32H523VCI6, STM32H523VCT6, STM32H523VEI6, STM32H523VET6, STM32H523ZCJ6, STM32H523ZCT6, STM32H523ZEJ6, STM32H523ZET6, STM32H533CET6, STM32H533CEU6, STM32H533HEY6TR, STM32H533RET6, STM32H533VEI6, STM32H533VET6, STM32H533ZEJ6, STM32H533ZET6, STM32H562AGI6, STM32H562AII6, STM32H562IGK6, STM32H562IGT6, STM32H562IIK6, STM32H562IIT6, STM32H562RGT6, STM32H562RGV6, STM32H562RIT6, STM32H562RIV6, STM32H562VGT6, STM32H562VIT6, STM32H562ZGT6, STM32H562ZIT6, STM32H563AGI6, STM32H563AII3Q, STM32H563AII6, STM32H563IGK6, STM32H563IGT6, STM32H563IIK3Q, STM32H563IIK6, STM32H563IIT3Q, STM32H563IIT6, STM32H563MIY3QTR, STM32H563RGT6, STM32H563RGV6, STM32H563RIT6, STM32H563RIV6, STM32H563VGT6, STM32H563VIT3Q, STM32H563VIT6, STM32H563ZGT6, STM32H563ZIT3Q, STM32H563ZIT6, STM32H573AII3Q, STM32H573AII6, STM32H573I-DK, STM32H573IIK3Q, STM32H573IIK6, STM32H573IIT3Q, STM32H573IIT6, STM32H573MIY3QTR, STM32H573RIT6, STM32H573RIV6, STM32H573VIT3Q, STM32H573VIT6, STM32H573ZIT3Q, STM32H573ZIT6, STM32H7R3A8I6, STM32H7R3I8K6, STM32H7R3I8T6, STM32H7R3L8H6, STM32H7R3L8H6H, STM32H7R3R8V6, STM32H7R3V8H6, STM32H7R3V8T6, STM32H7R3V8Y6, STM32H7R3Z8J6, STM32H7R3Z8T6, STM32H7R7A8I6, STM32H7R7I8K6, STM32H7R7I8T6, STM32H7R7L8H6, STM32H7R7L8H6H, STM32H7R7Z8J6, STM32H7S3A8I6, STM32H7S3I8K6, STM32H7S3I8T6, STM32H7S3L8H6, STM32H7S3L8H6H, STM32H7S3R8V6, STM32H7S3V8H6, STM32H7S3V8T6, STM32H7S3V8Y6, STM32H7S3Z8J6, STM32H7S3Z8T6, STM32H7S78-DK, STM32H7S7A8I6, STM32H7S7I8K6, STM32H7S7I8T6, STM32H7S7L8H6, STM32H7S7L8H6H, STM32H7S7Z8J6, STM32L4R5QGI6STR, STM32MP131AAE3, STM32MP131AAF3, STM32MP131AAG3, STM32MP131CAE3, STM32MP131CAF3, STM32MP131CAG3, STM32MP131DAE7, STM32MP131DAF7, STM32MP131DAG7, STM32MP131FAE7, STM32MP131FAF7, STM32MP131FAG7, STM32MP133AAE3, STM32MP133AAF3, STM32MP133AAG3, STM32MP133CAE3, STM32MP133CAF3, STM32MP133CAG3, STM32MP133DAE7, STM32MP133DAF7, STM32MP133DAG7, STM32MP133FAE7, STM32MP133FAF7, STM32MP133FAG7, STM32MP135AAE3, STM32MP135AAF3, STM32MP135AAG3, STM32MP135CAE3, STM32MP135CAF3, STM32MP135CAG3, STM32MP135DAE7, STM32MP135DAF7, STM32MP135DAG7, STM32MP135F-DK, STM32MP135FAE7, STM32MP135FAF7, STM32MP135FAF7T, STM32MP135FAF7U, STM32MP135FAG7, STM32U031C6T6, STM32U031C6U6, STM32U031C8T6, STM32U031C8U6, STM32U031F4P6, STM32U031F6P6, STM32U031F8P6, STM32U031G6Y6TR, STM32U031G8Y6TR, STM32U031K4U6, STM32U031K6U6, STM32U031K8U6, STM32U031R6I6, STM32U031R6T6, STM32U031R8I6, STM32U031R8T6, STM32U073C8T6, STM32U073C8U6, STM32U073CBT6, STM32U073CBU6, STM32U073CCT6, STM32U073CCU6, STM32U073H8Y6TR, STM32U073HBY6TR, STM32U073HCY6TR, STM32U073K8U6, STM32U073KBU6, STM32U073KCU6, STM32U073M8I6, STM32U073M8T6, STM32U073MBI6, STM32U073MBT6, STM32U073MCI6, STM32U073MCT6, STM32U073R8I6, STM32U073R8T6, STM32U073RBI6, STM32U073RBT6, STM32U073RCI6, STM32U073RCT6, STM32U083C-DK, STM32U083CCT6, STM32U083CCU6, STM32U083HCY6TR, STM32U083KCU6, STM32U083MCI6, STM32U083MCT6, STM32U083RCI6, STM32U083RCT6, STM32U535CBT6, STM32U535CBT6Q, STM32U535CBU6, STM32U535CBU6Q, STM32U535CCT6, STM32U535CCT6Q, STM32U535CCU6, STM32U535CCU6Q, STM32U535CET6, STM32U535CET6Q, STM32U535CEU6, STM32U535CEU6Q, STM32U535JEY6QTR, STM32U535NCY6QTR, STM32U535NEY6QTR, STM32U535RBI6, STM32U535RBI6Q, STM32U535RBT6, STM32U535RBT6Q, STM32U535RCI6, STM32U535RCI6Q, STM32U535RCT6, STM32U535RCT6Q, STM32U535REI6, STM32U535REI6Q, STM32U535RET6, STM32U535RET6Q, STM32U535VCI6, STM32U535VCI6Q, STM32U535VCT6, STM32U535VCT6Q, STM32U535VEI6, STM32U535VEI6Q, STM32U535VET6, STM32U535VET6Q, STM32U545CET6, STM32U545CET6Q, STM32U545CEU6, STM32U545CEU6Q, STM32U545JEY6QTR, STM32U545NEY6QTR, STM32U545REI6, STM32U545REI6Q, STM32U545RET6, STM32U545RET6Q, STM32U545VEI6, STM32U545VEI6Q, STM32U545VET6, STM32U545VET6Q, STM32U595AIH6, STM32U595AIH6Q, STM32U595AJH6, STM32U595AJH6Q, STM32U595QII6, STM32U595QII6Q, STM32U595QJI6, STM32U595QJI6Q, STM32U595RIT6, STM32U595RIT6Q, STM32U595RJT6, STM32U595RJT6Q, STM32U595VIT6, STM32U595VIT6Q, STM32U595VJT6, STM32U595VJT6Q, STM32U595ZIT6, STM32U595ZIT6Q, STM32U595ZIY6QTR, STM32U595ZJT6, STM32U595ZJT6Q, STM32U595ZJY6QTR, STM32U599BJY6QTR, STM32U599NIH6Q, STM32U599NJH6Q, STM32U599VIT6Q, STM32U599VJT6, STM32U599VJT6Q, STM32U599ZIT6Q, STM32U599ZIY6QTR, STM32U599ZJT6Q, STM32U599ZJY6QTR, STM32U5A5AJH6, STM32U5A5AJH6Q, STM32U5A5QII3Q , STM32U5A5QJI6, STM32U5A5QJI6Q, STM32U5A5RJT6, STM32U5A5RJT6Q, STM32U5A5VJT6, STM32U5A5VJT6Q, STM32U5A5ZJT6, STM32U5A5ZJT6Q, STM32U5A5ZJY6QTR, STM32U5A9BJY6QTR, STM32U5A9J-DK, STM32U5A9NJH6Q, STM32U5A9VJT6Q, STM32U5A9ZJT6Q, STM32U5A9ZJY6QTR, STM32U5F7VIT6, STM32U5F7VIT6Q, STM32U5F7VJT6, STM32U5F7VJT6Q, STM32U5F9BJY6QTR, STM32U5F9NJH6Q, STM32U5F9VIT6Q, STM32U5F9VJT6Q, STM32U5F9ZIJ6QTR, STM32U5F9ZIT6Q, STM32U5F9ZJJ6QTR, STM32U5F9ZJT6Q, STM32U5G7VJT6, STM32U5G7VJT6Q, STM32U5G9BJY6QTR, STM32U5G9J-DK1, STM32U5G9J-DK2, STM32U5G9NJH6Q, STM32U5G9VJT6Q, STM32U5G9ZJJ6QTR, STM32U5G9ZJT6Q, STM32WB1MMCH6, STM32WBA50KEU6, STM32WBA50KEU6TR, STM32WBA50KGU6, STM32WBA50KGU6TR, STM32WBA52CEU6, STM32WBA52CEU6TR, STM32WBA52CEU7, STM32WBA52CEU7TR, STM32WBA52CGU6, STM32WBA52CGU6TR, STM32WBA52CGU6U, STM32WBA52CGU7, STM32WBA52CGU7TR, STM32WBA52KEU6, STM32WBA52KEU6TR, STM32WBA52KGU6, STM32WBA52KGU6TR, STM32WBA54CEU6, STM32WBA54CEU6TR, STM32WBA54CEU7, STM32WBA54CEU7TR, STM32WBA54CGU6, STM32WBA54CGU6TR, STM32WBA54CGU7, STM32WBA54CGU7TR, STM32WBA54KEU6, STM32WBA54KEU6TR, STM32WBA54KEU7, STM32WBA54KEU7TR, STM32WBA54KGU6, STM32WBA54KGU6TR, STM32WBA54KGU7, STM32WBA54KGU7TR, STM32WBA55CEU6, STM32WBA55CEU6TR, STM32WBA55CEU7, STM32WBA55CEU7TR, STM32WBA55CGU6, STM32WBA55CGU6TR, STM32WBA55CGU6U, STM32WBA55CGU7, STM32WBA55CGU7TR, STM32WBA55G-DK1, STM32WBA55HEF6, STM32WBA55HEF7, STM32WBA55HGF6, STM32WBA55HGF7, STM32WBA55UEI6, STM32WBA55UEI6TR, STM32WBA55UEI7, STM32WBA55UEI7TR, STM32WBA55UGI6, STM32WBA55UGI6TR, STM32WBA55UGI7, STM32WBA55UGI7TR, STM32WL5MOCH6, STM32WL5MOCH6TR]
2024-05-29 08:32:39,262 [INFO] BoardInfo:889 - No configuration file found for board P-NUCLEO-WB55
2024-05-29 08:32:39,263 [INFO] DbBoards:161 - Kit is not supported: P-NUCLEO-WB55
2024-05-29 08:32:39,273 [INFO] BoardInfo:889 - No configuration file found for board STEVAL-BFA001V1B
2024-05-29 08:32:39,274 [INFO] DbBoards:161 - Kit is not supported: STEVAL-BFA001V1B
2024-05-29 08:32:39,282 [INFO] BoardInfo:889 - No configuration file found for board STEVAL-BFA001V2B
2024-05-29 08:32:39,283 [INFO] DbBoards:161 - Kit is not supported: STEVAL-BFA001V2B
2024-05-29 08:32:39,546 [INFO] DbBoards:168 - Found 199 boards, 196 are supported
2024-05-29 08:32:39,547 [INFO] DbBoards:169 - Found 199 boards, 8 of them is supported for  Bsp
2024-05-29 08:32:39,553 [INFO] ApiDb:668 - CubeFinder database Data Model version=2.1
2024-05-29 08:32:39,553 [INFO] ApiDb:669 - CubeFinder database Configuration version=3.0.39
2024-05-29 08:32:39,553 [INFO] ApiDb:670 - CubeFinder database generation date=2024-03-01 (1709305525)
2024-05-29 08:32:39,553 [INFO] ApiDb:671 - CubeFinder database FW Pack versions=[FP-ATR-ASTRA1_V2.0.0, FP-SNS-FLIGHT1_V5.0.1, FP-SNS-FLIGHT1_V5.0.2, FP-SNS-MOTENV1_V4.3.1, FP-SNS-MOTENV1_V4.3.2, FP-SNS-MOTENVWB1_V1.3.1, FP-SNS-SMARTAG2_V1.2.0, STM32Cube_FW_C0_V1.1.0, STM32Cube_FW_F4_V1.28.0, STM32Cube_FW_F7_V1.17.0, STM32Cube_FW_G0_V1.6.2, STM32Cube_FW_G4_V1.5.2, STM32Cube_FW_H5_V0.5.1, STM32Cube_FW_H5_V1.1.1, STM32Cube_FW_H5_V1.2.0, STM32Cube_FW_H5_V1.2.0RC4, STM32Cube_FW_H7RS_V1.0.0, STM32Cube_FW_H7RS_V1.0.0RC4, STM32Cube_FW_H7_V1.11.0, STM32Cube_FW_L0_V1.12.2, STM32Cube_FW_L5_V1.5.1, STM32Cube_FW_U0_V1.0.0, STM32Cube_FW_U0_V1.0.0RC1, STM32Cube_FW_U5_V1.3.0RC4, STM32Cube_FW_U5_V1.5.0, STM32Cube_FW_U5_V1.5.0RC1, STM32Cube_FW_WBA_V1.0.0RC1, STM32Cube_FW_WBA_V1.2.0, STM32Cube_FW_WBA_V1.2.0RC2, STM32Cube_FW_WBA_V1.3.0, STM32Cube_FW_WBA_V1.3.0RC1, STM32Cube_FW_WB_V1.15.0RC1, STM32Cube_FW_WB_V1.16.0, STM32Cube_FW_WB_V1.16.0RC2, STM32Cube_FW_WB_V1.18.0, STM32Cube_FW_WB_V1.19.0, STM32Cube_FW_WL_V1.3.0, X-CUBE-ALGOBUILD_V1.3.0, X-CUBE-ALS_V1.0.1, X-CUBE-AZRTOS-F4_V1.1.0, X-CUBE-AZRTOS-F7_V1.1.0, X-CUBE-AZRTOS-G0_V1.1.0, X-CUBE-AZRTOS-G4_V2.0.0, X-CUBE-AZRTOS-H7_V3.2.0, X-CUBE-AZRTOS-L4_V1.0.0, X-CUBE-AZRTOS-L4_V2.0.0, X-CUBE-AZRTOS-L5_V1.1.0, X-CUBE-AZRTOS-WB_V2.0.0, X-CUBE-AZRTOS-WL_V2.0.0, X-CUBE-BLE1_V7.0.0, X-CUBE-BLE2_V3.3.0, X-CUBE-BLEMGR_V3.1.0, X-CUBE-EEPRMA1_V4.1.0, X-CUBE-EEPRMA1_V5.1.0, X-CUBE-FREERTOS_V1.1.0, X-CUBE-GNSS1_V6.0.0, X-CUBE-MEMS1_V10.0.0, X-CUBE-MEMS1_V9.1.0, X-CUBE-MEMS1_V9.4.0, X-CUBE-MEMS1_V9.6.0, X-CUBE-NFC4_V3.0.0, X-CUBE-NFC7_V1.0.1, X-CUBE-SFXS2LP1_V4.0.0, X-CUBE-SUBG2_V5.0.0, X-CUBE-TOF1_V3.4.0]
2024-05-29 08:32:40,081 [INFO] ServerAccessManage:473 - Download File STMicroelectronics.X-CUBE-FREERTOS.pdsc
2024-05-29 08:32:41,780 [INFO] ApiDb:240 - Found 483 in-development CPN: [B-G473E-ZEST1S, B-WB1M-WPAN1, B-WL5M-SUBG1, NUCLEO-C031C6, NUCLEO-H503RB, NUCLEO-H533RE, NUCLEO-H563ZI, NUCLEO-H7S3L8, NUCLEO-U031R8, NUCLEO-U083RC, NUCLEO-U545RE-Q, NUCLEO-U5A5ZJ-Q, NUCLEO-WBA52CG, NUCLEO-WBA55CG, STEVAL-PROTEUS1, STEVAL-SMARTAG2, STEVAL-STWINBX1, STM320518-EVAL, STM32C0116-DK, STM32C011D6Y3TR, STM32C011D6Y6TR, STM32C011F4P3, STM32C011F4P6, STM32C011F4U3, STM32C011F4U6TR, STM32C011F6P3, STM32C011F6P6, STM32C011F6U3, STM32C011F6U6TR, STM32C011J4M3, STM32C011J4M6, STM32C011J6M3, STM32C011J6M6, STM32C0316-DK, STM32C031C4T3, STM32C031C4T6, STM32C031C4U3, STM32C031C4U6, STM32C031C6T3, STM32C031C6T6, STM32C031C6U3, STM32C031C6U6, STM32C031F4P3, STM32C031F4P6, STM32C031F6P3, STM32C031F6P6, STM32C031G4U3, STM32C031G4U6, STM32C031G6U3, STM32C031G6U6, STM32C031K4T3, STM32C031K4T6, STM32C031K4U3, STM32C031K4U6, STM32C031K6T3, STM32C031K6T6, STM32C031K6U3, STM32C031K6U6, STM32G071K8TXN, STM32G071K8UXN, STM32G081GBU6N, STM32G081KBT6N, STM32G081KBUXN, STM32G0B1CCT6N, STM32G0B1KCT6, STM32G0B1NEY6TR, STM32G0B1RCT6N, STM32G0C1CCT6, STM32G0C1CCT6N, STM32G0C1CCU6N, STM32G0C1CET6N, STM32G0C1CEU6N, STM32G0C1KCT6, STM32G0C1NEY6TR, STM32G0C1RCI6N, STM32G0C1RCT6N, STM32G0C1REI6N, STM32G0C1RET6N, STM32G0C1VCI6, STM32G0C1VEI6, STM32G471CCT6, STM32G471CCU6, STM32G471CET3, STM32G471CET6, STM32G471CEU3, STM32G471CEU6, STM32G471MCT6, STM32G471MET3, STM32G471MET6, STM32G471MEY6TR, STM32G471QCT6, STM32G471QET3, STM32G471RCT6, STM32G471RET3, STM32G471RET6, STM32G471VCH6, STM32G471VCI6, STM32G471VCT6, STM32G471VEH3, STM32G471VEH6, STM32G471VEI3, STM32G471VEI6, STM32G471VET3, STM32G471VET6, STM32G474CCT6, STM32H503CBT6, STM32H503CBU6, STM32H503EBY6TR, STM32H503KBU6, STM32H503RBT6, STM32H523CCT6, STM32H523CCU6, STM32H523CET6, STM32H523CEU6, STM32H523HEY6TR, STM32H523RCT6, STM32H523RET6, STM32H523VCI6, STM32H523VCT6, STM32H523VEI6, STM32H523VET6, STM32H523ZCJ6, STM32H523ZCT6, STM32H523ZEJ6, STM32H523ZET6, STM32H533CET6, STM32H533CEU6, STM32H533HEY6TR, STM32H533RET6, STM32H533VEI6, STM32H533VET6, STM32H533ZEJ6, STM32H533ZET6, STM32H562AGI6, STM32H562AII6, STM32H562IGK6, STM32H562IGT6, STM32H562IIK6, STM32H562IIT6, STM32H562RGT6, STM32H562RGV6, STM32H562RIT6, STM32H562RIV6, STM32H562VGT6, STM32H562VIT6, STM32H562ZGT6, STM32H562ZIT6, STM32H563AGI6, STM32H563AII3Q, STM32H563AII6, STM32H563IGK6, STM32H563IGT6, STM32H563IIK3Q, STM32H563IIK6, STM32H563IIT3Q, STM32H563IIT6, STM32H563MIY3QTR, STM32H563RGT6, STM32H563RGV6, STM32H563RIT6, STM32H563RIV6, STM32H563VGT6, STM32H563VIT3Q, STM32H563VIT6, STM32H563ZGT6, STM32H563ZIT3Q, STM32H563ZIT6, STM32H573AII3Q, STM32H573AII6, STM32H573I-DK, STM32H573IIK3Q, STM32H573IIK6, STM32H573IIT3Q, STM32H573IIT6, STM32H573MIY3QTR, STM32H573RIT6, STM32H573RIV6, STM32H573VIT3Q, STM32H573VIT6, STM32H573ZIT3Q, STM32H573ZIT6, STM32H7R3A8I6, STM32H7R3I8K6, STM32H7R3I8T6, STM32H7R3L8H6, STM32H7R3L8H6H, STM32H7R3R8V6, STM32H7R3V8H6, STM32H7R3V8T6, STM32H7R3V8Y6, STM32H7R3Z8J6, STM32H7R3Z8T6, STM32H7R7A8I6, STM32H7R7I8K6, STM32H7R7I8T6, STM32H7R7L8H6, STM32H7R7L8H6H, STM32H7R7Z8J6, STM32H7S3A8I6, STM32H7S3I8K6, STM32H7S3I8T6, STM32H7S3L8H6, STM32H7S3L8H6H, STM32H7S3R8V6, STM32H7S3V8H6, STM32H7S3V8T6, STM32H7S3V8Y6, STM32H7S3Z8J6, STM32H7S3Z8T6, STM32H7S78-DK, STM32H7S7A8I6, STM32H7S7I8K6, STM32H7S7I8T6, STM32H7S7L8H6, STM32H7S7L8H6H, STM32H7S7Z8J6, STM32L4R5QGI6STR, STM32MP131AAE3, STM32MP131AAF3, STM32MP131AAG3, STM32MP131CAE3, STM32MP131CAF3, STM32MP131CAG3, STM32MP131DAE7, STM32MP131DAF7, STM32MP131DAG7, STM32MP131FAE7, STM32MP131FAF7, STM32MP131FAG7, STM32MP133AAE3, STM32MP133AAF3, STM32MP133AAG3, STM32MP133CAE3, STM32MP133CAF3, STM32MP133CAG3, STM32MP133DAE7, STM32MP133DAF7, STM32MP133DAG7, STM32MP133FAE7, STM32MP133FAF7, STM32MP133FAG7, STM32MP135AAE3, STM32MP135AAF3, STM32MP135AAG3, STM32MP135CAE3, STM32MP135CAF3, STM32MP135CAG3, STM32MP135DAE7, STM32MP135DAF7, STM32MP135DAG7, STM32MP135F-DK, STM32MP135FAE7, STM32MP135FAF7, STM32MP135FAF7T, STM32MP135FAF7U, STM32MP135FAG7, STM32U031C6T6, STM32U031C6U6, STM32U031C8T6, STM32U031C8U6, STM32U031F4P6, STM32U031F6P6, STM32U031F8P6, STM32U031G6Y6TR, STM32U031G8Y6TR, STM32U031K4U6, STM32U031K6U6, STM32U031K8U6, STM32U031R6I6, STM32U031R6T6, STM32U031R8I6, STM32U031R8T6, STM32U073C8T6, STM32U073C8U6, STM32U073CBT6, STM32U073CBU6, STM32U073CCT6, STM32U073CCU6, STM32U073H8Y6TR, STM32U073HBY6TR, STM32U073HCY6TR, STM32U073K8U6, STM32U073KBU6, STM32U073KCU6, STM32U073M8I6, STM32U073M8T6, STM32U073MBI6, STM32U073MBT6, STM32U073MCI6, STM32U073MCT6, STM32U073R8I6, STM32U073R8T6, STM32U073RBI6, STM32U073RBT6, STM32U073RCI6, STM32U073RCT6, STM32U083C-DK, STM32U083CCT6, STM32U083CCU6, STM32U083HCY6TR, STM32U083KCU6, STM32U083MCI6, STM32U083MCT6, STM32U083RCI6, STM32U083RCT6, STM32U535CBT6, STM32U535CBT6Q, STM32U535CBU6, STM32U535CBU6Q, STM32U535CCT6, STM32U535CCT6Q, STM32U535CCU6, STM32U535CCU6Q, STM32U535CET6, STM32U535CET6Q, STM32U535CEU6, STM32U535CEU6Q, STM32U535JEY6QTR, STM32U535NCY6QTR, STM32U535NEY6QTR, STM32U535RBI6, STM32U535RBI6Q, STM32U535RBT6, STM32U535RBT6Q, STM32U535RCI6, STM32U535RCI6Q, STM32U535RCT6, STM32U535RCT6Q, STM32U535REI6, STM32U535REI6Q, STM32U535RET6, STM32U535RET6Q, STM32U535VCI6, STM32U535VCI6Q, STM32U535VCT6, STM32U535VCT6Q, STM32U535VEI6, STM32U535VEI6Q, STM32U535VET6, STM32U535VET6Q, STM32U545CET6, STM32U545CET6Q, STM32U545CEU6, STM32U545CEU6Q, STM32U545JEY6QTR, STM32U545NEY6QTR, STM32U545REI6, STM32U545REI6Q, STM32U545RET6, STM32U545RET6Q, STM32U545VEI6, STM32U545VEI6Q, STM32U545VET6, STM32U545VET6Q, STM32U595AIH6, STM32U595AIH6Q, STM32U595AJH6, STM32U595AJH6Q, STM32U595QII6, STM32U595QII6Q, STM32U595QJI6, STM32U595QJI6Q, STM32U595RIT6, STM32U595RIT6Q, STM32U595RJT6, STM32U595RJT6Q, STM32U595VIT6, STM32U595VIT6Q, STM32U595VJT6, STM32U595VJT6Q, STM32U595ZIT6, STM32U595ZIT6Q, STM32U595ZIY6QTR, STM32U595ZJT6, STM32U595ZJT6Q, STM32U595ZJY6QTR, STM32U599BJY6QTR, STM32U599NIH6Q, STM32U599NJH6Q, STM32U599VIT6Q, STM32U599VJT6, STM32U599VJT6Q, STM32U599ZIT6Q, STM32U599ZIY6QTR, STM32U599ZJT6Q, STM32U599ZJY6QTR, STM32U5A5AJH6, STM32U5A5AJH6Q, STM32U5A5QII3Q , STM32U5A5QJI6, STM32U5A5QJI6Q, STM32U5A5RJT6, STM32U5A5RJT6Q, STM32U5A5VJT6, STM32U5A5VJT6Q, STM32U5A5ZJT6, STM32U5A5ZJT6Q, STM32U5A5ZJY6QTR, STM32U5A9BJY6QTR, STM32U5A9J-DK, STM32U5A9NJH6Q, STM32U5A9VJT6Q, STM32U5A9ZJT6Q, STM32U5A9ZJY6QTR, STM32U5F7VIT6, STM32U5F7VIT6Q, STM32U5F7VJT6, STM32U5F7VJT6Q, STM32U5F9BJY6QTR, STM32U5F9NJH6Q, STM32U5F9VIT6Q, STM32U5F9VJT6Q, STM32U5F9ZIJ6QTR, STM32U5F9ZIT6Q, STM32U5F9ZJJ6QTR, STM32U5F9ZJT6Q, STM32U5G7VJT6, STM32U5G7VJT6Q, STM32U5G9BJY6QTR, STM32U5G9J-DK1, STM32U5G9J-DK2, STM32U5G9NJH6Q, STM32U5G9VJT6Q, STM32U5G9ZJJ6QTR, STM32U5G9ZJT6Q, STM32WB1MMCH6, STM32WBA50KEU6, STM32WBA50KEU6TR, STM32WBA50KGU6, STM32WBA50KGU6TR, STM32WBA52CEU6, STM32WBA52CEU6TR, STM32WBA52CEU7, STM32WBA52CEU7TR, STM32WBA52CGU6, STM32WBA52CGU6TR, STM32WBA52CGU6U, STM32WBA52CGU7, STM32WBA52CGU7TR, STM32WBA52KEU6, STM32WBA52KEU6TR, STM32WBA52KGU6, STM32WBA52KGU6TR, STM32WBA54CEU6, STM32WBA54CEU6TR, STM32WBA54CEU7, STM32WBA54CEU7TR, STM32WBA54CGU6, STM32WBA54CGU6TR, STM32WBA54CGU7, STM32WBA54CGU7TR, STM32WBA54KEU6, STM32WBA54KEU6TR, STM32WBA54KEU7, STM32WBA54KEU7TR, STM32WBA54KGU6, STM32WBA54KGU6TR, STM32WBA54KGU7, STM32WBA54KGU7TR, STM32WBA55CEU6, STM32WBA55CEU6TR, STM32WBA55CEU7, STM32WBA55CEU7TR, STM32WBA55CGU6, STM32WBA55CGU6TR, STM32WBA55CGU6U, STM32WBA55CGU7, STM32WBA55CGU7TR, STM32WBA55G-DK1, STM32WBA55HEF6, STM32WBA55HEF7, STM32WBA55HGF6, STM32WBA55HGF7, STM32WBA55UEI6, STM32WBA55UEI6TR, STM32WBA55UEI7, STM32WBA55UEI7TR, STM32WBA55UGI6, STM32WBA55UGI6TR, STM32WBA55UGI7, STM32WBA55UGI7TR, STM32WL5MOCH6, STM32WL5MOCH6TR]
2024-05-29 08:32:41,785 [INFO] DbMcus:218 - Found 4091 MCUs, 4091 are supported
2024-05-29 08:32:41,786 [INFO] ApiDb:414 - User favorites file not found: C:\Users\FREDRRX/.stm32cubeide/favorites.mcus.txt
2024-05-29 08:32:41,786 [INFO] DbMcus:224 - Set 0 / 0 favorites MCUs
2024-05-29 08:32:42,218 [INFO] ApiDb:414 - User favorites file not found: C:\Users\FREDRRX/.stm32cubeide/favorites.boards.txt
2024-05-29 08:32:42,218 [INFO] DbBoards:198 - Set 0 / 0 favorites Boards
2024-05-29 08:32:42,218 [INFO] McuFinderGlobals:76 - Set McuFinderConnectedMode to true
2024-05-29 08:32:42,240 [INFO] MultiScanPanel:200 - Auto-refresh data requested => check proxy status ongoing
2024-05-29 08:32:42,245 [INFO] FinderPluginLoader:95 - Searching for filters in installed packs
2024-05-29 08:32:42,429 [INFO] ServerAccessManage:473 - Download File STMicroelectronics.X-CUBE-GNSS1.pdsc
2024-05-29 08:32:43,712 [ERROR] WebUtils:396 - Updater is busy
2024-05-29 08:32:43,713 [WARN] DetailPanel:346 - Failed to get advertising image, set to default
2024-05-29 08:32:48,306 [ERROR] ServerAccessManage:1089 - Problem, file not found on Server
2024-05-29 08:32:48,859 [ERROR] ServerAccessManage:1089 - Problem, file not found on Server
2024-05-29 08:32:49,211 [ERROR] ServerAccessManage:1089 - Problem, file not found on Server
2024-05-29 08:32:49,795 [ERROR] ServerAccessManage:1089 - Problem, file not found on Server
2024-05-29 08:32:50,366 [ERROR] ServerAccessManage:1089 - Problem, file not found on Server
2024-05-29 08:32:50,733 [ERROR] ServerAccessManage:1089 - Problem, file not found on Server
2024-05-29 08:32:51,236 [INFO] ServerAccessManage:473 - Download File STMicroelectronics.X-CUBE-ISPU.pdsc
2024-05-29 08:32:53,270 [INFO] ServerAccessManage:473 - Download File STMicroelectronics.X-CUBE-MEMS1.pdsc
2024-05-29 08:33:07,146 [INFO] ServerAccessManage:473 - Download File STMicroelectronics.X-CUBE-NFC4.pdsc
2024-05-29 08:33:14,604 [INFO] ServerAccessManage:473 - Download File STMicroelectronics.X-CUBE-NFC6.pdsc
2024-05-29 08:33:16,107 [INFO] ServerAccessManage:473 - Download File STMicroelectronics.X-CUBE-NFC7.pdsc
2024-05-29 08:33:17,778 [INFO] ServerAccessManage:473 - Download File STMicroelectronics.X-CUBE-SFXS2LP1.pdsc
2024-05-29 08:33:19,791 [INFO] ServerAccessManage:473 - Download File STMicroelectronics.X-CUBE-SAFEA1.pdsc
2024-05-29 08:33:21,763 [INFO] ServerAccessManage:473 - Download File STMicroelectronics.X-CUBE-SUBG2.pdsc
2024-05-29 08:33:26,822 [INFO] ServerAccessManage:473 - Download File STMicroelectronics.X-CUBE-SMBUS.pdsc
2024-05-29 08:33:27,879 [ERROR] ServerAccessManage:1089 - Problem, file not found on Server
2024-05-29 08:33:28,396 [INFO] ServerAccessManage:473 - Download File STMicroelectronics.X-CUBE-TCPP.pdsc
2024-05-29 08:33:29,569 [INFO] ServerAccessManage:473 - Download File STMicroelectronics.X-CUBE-TOF1.pdsc
2024-05-29 08:33:33,381 [ERROR] ServerAccessManage:1089 - Problem, file not found on Server
2024-05-29 08:33:34,171 [INFO] ServerAccessManage:473 - Download File STMicroelectronics.X-CUBE-TOUCHGFX.pdsc
2024-05-29 08:33:41,714 [INFO] ServerAccessManage:473 - Download File STMicroelectronics.X-CUBE-ALGOBUILD.pdsc
2024-05-29 08:33:42,236 [INFO] ServerAccessManage:473 - Download File STMicroelectronics.X-CUBE-AZRTOS-H7.pdsc
2024-05-29 08:33:46,546 [INFO] ServerAccessManage:473 - Download File STMicroelectronics.X-CUBE-AZRTOS-H7RS.pdsc
2024-05-29 08:33:46,719 [INFO] ServerAccessManage:473 - Download File STMicroelectronics.X-CUBE-AZRTOS-F4.pdsc
2024-05-29 08:33:47,715 [INFO] ServerAccessManage:473 - Download File STMicroelectronics.X-CUBE-AZRTOS-F7.pdsc
2024-05-29 08:33:49,183 [INFO] ServerAccessManage:473 - Download File STMicroelectronics.X-CUBE-AZRTOS-L4.pdsc
2024-05-29 08:33:51,486 [INFO] ServerAccessManage:473 - Download File STMicroelectronics.X-CUBE-AZRTOS-L5.pdsc
2024-05-29 08:33:53,653 [INFO] ServerAccessManage:473 - Download File STMicroelectronics.X-CUBE-AZRTOS-G0.pdsc
2024-05-29 08:33:55,327 [INFO] ServerAccessManage:473 - Download File STMicroelectronics.X-CUBE-AZRTOS-G4.pdsc
2024-05-29 08:33:56,735 [INFO] ServerAccessManage:473 - Download File STMicroelectronics.X-CUBE-AZRTOS-WB.pdsc
2024-05-29 08:33:58,009 [INFO] ServerAccessManage:473 - Download File STMicroelectronics.X-CUBE-AZRTOS-WL.pdsc
2024-05-29 08:33:59,631 [INFO] ServerAccessManage:473 - Download File wolfSSL.I-CUBE-wolfSSL.pdsc
2024-05-29 08:34:02,468 [ERROR] ServerAccessManage:1089 - Problem, file not found on Server
2024-05-29 08:34:02,917 [ERROR] ServerAccessManage:1089 - Problem, file not found on Server
2024-05-29 08:34:03,227 [ERROR] ServerAccessManage:1089 - Problem, file not found on Server
2024-05-29 08:34:04,062 [INFO] ServerAccessManage:473 - Download File SEGGER.I-CUBE-embOS.pdsc
2024-05-29 08:34:06,292 [INFO] ServerAccessManage:473 - Download File portGmbH.I-Cube-SoM-uGOAL.pdsc
2024-05-29 08:34:07,693 [ERROR] ServerAccessManage:1089 - Problem, file not found on Server
2024-05-29 08:34:07,822 [ERROR] ServerAccessManage:1089 - Problem, file not found on Server
2024-05-29 08:34:07,957 [ERROR] ServerAccessManage:1089 - Problem, file not found on Server
2024-05-29 08:34:08,608 [INFO] ServerAccessManage:473 - Download File emotas.I-CUBE-CANOPEN.pdsc
2024-05-29 08:34:09,268 [INFO] ServerAccessManage:473 - Download File WES.I-CUBE-Cesium.pdsc
2024-05-29 08:34:09,476 [ERROR] ServerAccessManage:1089 - Problem, file not found on Server
2024-05-29 08:34:09,640 [ERROR] ServerAccessManage:1089 - Problem, file not found on Server
2024-05-29 08:34:09,940 [INFO] ServerAccessManage:473 - Download File ITTIA_DB.I-CUBE-ITTIADB.pdsc
2024-05-29 08:34:11,405 [INFO] ServerAccessManage:473 - Download File Infineon.AIROC-Wi-Fi-Bluetooth-STM32.pdsc
2024-05-29 08:34:13,619 [INFO] ServerAccessManage:473 - Download File Cesanta.I-CUBE-Mongoose.pdsc
2024-05-29 08:34:14,819 [WARN] CheckServerUpdateThread:151 - Open CheckUpdateFile Fail
2024-05-29 08:34:14,851 [WARN] PackLoader:240 - Cannot read IP mode file for STMicroelectronics.FP-ATR-ASTRA1.2.0.0
2024-05-29 08:34:14,861 [WARN] PackLoader:240 - Cannot read IP mode file for STMicroelectronics.FP-ATR-SIGFOX1.3.2.0
2024-05-29 08:34:14,870 [WARN] PackLoader:240 - Cannot read IP mode file for STMicroelectronics.FP-SNS-FLIGHT1.5.0.2
2024-05-29 08:34:14,877 [WARN] PackLoader:240 - Cannot read IP mode file for STMicroelectronics.FP-SNS-MOTENV1.5.0.0
2024-05-29 08:34:14,887 [WARN] PackLoader:240 - Cannot read IP mode file for STMicroelectronics.FP-SNS-MOTENVWB1.1.4.0
2024-05-29 08:34:14,894 [WARN] PackLoader:240 - Cannot read IP mode file for STMicroelectronics.FP-SNS-SMARTAG2.1.2.0
2024-05-29 08:34:14,903 [WARN] PackLoader:240 - Cannot read IP mode file for STMicroelectronics.X-CUBE-AI.9.0.0
2024-05-29 08:34:14,912 [WARN] PackLoader:240 - Cannot read IP mode file for STMicroelectronics.X-CUBE-ALS.1.0.2
2024-05-29 08:34:14,922 [WARN] PackLoader:240 - Cannot read IP mode file for STMicroelectronics.X-CUBE-BLE1.7.0.0
2024-05-29 08:34:14,929 [WARN] PackLoader:240 - Cannot read IP mode file for STMicroelectronics.X-CUBE-BLE2.3.3.0
2024-05-29 08:34:14,940 [WARN] PackLoader:240 - Cannot read IP mode file for STMicroelectronics.X-CUBE-BLEMGR.3.1.0
2024-05-29 08:34:14,959 [INFO] CheckServerUpdateThread:120 - End of CheckServer Thread
2024-05-29 08:34:14,963 [WARN] PackLoader:240 - Cannot read IP mode file for STMicroelectronics.X-CUBE-DISPLAY.3.0.0
2024-05-29 08:34:14,978 [WARN] PackLoader:240 - Cannot read IP mode file for STMicroelectronics.X-CUBE-EEPRMA1.5.1.0
2024-05-29 08:34:14,990 [WARN] PackLoader:240 - Cannot read IP mode file for STMicroelectronics.X-CUBE-FREERTOS.1.2.0
2024-05-29 08:34:15,001 [WARN] PackLoader:240 - Cannot read IP mode file for STMicroelectronics.X-CUBE-GNSS1.6.0.0
2024-05-29 08:34:15,009 [WARN] PackLoader:240 - Cannot read IP mode file for STMicroelectronics.X-CUBE-ISPU.2.0.0
2024-05-29 08:34:15,071 [WARN] PackLoader:240 - Cannot read IP mode file for STMicroelectronics.X-CUBE-MEMS1.10.0.0
2024-05-29 08:34:15,253 [WARN] PackLoader:240 - Cannot read IP mode file for STMicroelectronics.X-CUBE-NFC4.3.0.0
2024-05-29 08:34:15,264 [WARN] PackLoader:240 - Cannot read IP mode file for STMicroelectronics.X-CUBE-NFC6.3.1.0
2024-05-29 08:34:15,273 [WARN] PackLoader:240 - Cannot read IP mode file for STMicroelectronics.X-CUBE-NFC7.1.0.1
2024-05-29 08:34:15,283 [WARN] PackLoader:240 - Cannot read IP mode file for STMicroelectronics.X-CUBE-SFXS2LP1.4.0.0
2024-05-29 08:34:15,291 [WARN] PackLoader:240 - Cannot read IP mode file for STMicroelectronics.X-CUBE-SAFEA1.1.2.2
2024-05-29 08:34:15,305 [WARN] PackLoader:240 - Cannot read IP mode file for STMicroelectronics.X-CUBE-SUBG2.5.0.0
2024-05-29 08:34:15,319 [WARN] PackLoader:240 - Cannot read IP mode file for STMicroelectronics.X-CUBE-SMBUS.2.1.0
2024-05-29 08:34:15,327 [WARN] PackLoader:240 - Cannot read IP mode file for STMicroelectronics.X-CUBE-TCPP.4.1.0
2024-05-29 08:34:15,342 [WARN] PackLoader:240 - Cannot read IP mode file for STMicroelectronics.X-CUBE-TOF1.3.4.1
2024-05-29 08:34:15,360 [WARN] PackLoader:240 - Cannot read IP mode file for STMicroelectronics.X-CUBE-TOUCHGFX.4.23.2
2024-05-29 08:34:15,369 [WARN] PackLoader:240 - Cannot read IP mode file for STMicroelectronics.X-CUBE-ALGOBUILD.1.4.0
2024-05-29 08:34:15,394 [WARN] PackLoader:240 - Cannot read IP mode file for STMicroelectronics.X-CUBE-AZRTOS-H7.3.2.0
2024-05-29 08:34:15,415 [WARN] PackLoader:240 - Cannot read IP mode file for STMicroelectronics.X-CUBE-AZRTOS-H7RS.1.0.0
2024-05-29 08:34:15,436 [WARN] PackLoader:240 - Cannot read IP mode file for STMicroelectronics.X-CUBE-AZRTOS-F4.1.1.0
2024-05-29 08:34:15,462 [WARN] PackLoader:240 - Cannot read IP mode file for STMicroelectronics.X-CUBE-AZRTOS-F7.1.1.0
2024-05-29 08:34:15,483 [WARN] ConditionMgr:438 - getConditionDescription Invalid condition id : LAN8742 Phy interface Condition cause : null
2024-05-29 08:34:15,484 [WARN] PackLoader:240 - Cannot read IP mode file for STMicroelectronics.X-CUBE-AZRTOS-L4.2.0.0
2024-05-29 08:34:15,486 [WARN] ConditionMgr:1039 - genDependencies : Invalid condition id : LAN8742 Phy interface Condition cause : null
2024-05-29 08:34:15,486 [WARN] ConditionMgr:1039 - genDependencies : Invalid condition id : LAN8742 Phy interface Condition cause : null
2024-05-29 08:34:15,487 [WARN] ConditionMgr:1039 - genDependencies : Invalid condition id : LAN8742 Phy interface Condition cause : null
2024-05-29 08:34:15,508 [WARN] PackLoader:240 - Cannot read IP mode file for STMicroelectronics.X-CUBE-AZRTOS-L5.2.0.0
2024-05-29 08:34:15,531 [WARN] PackLoader:240 - Cannot read IP mode file for STMicroelectronics.X-CUBE-AZRTOS-G0.1.1.0
2024-05-29 08:34:15,548 [WARN] PackLoader:240 - Cannot read IP mode file for STMicroelectronics.X-CUBE-AZRTOS-G4.2.0.0
2024-05-29 08:34:15,564 [WARN] ConditionMgr:438 - getConditionDescription Invalid condition id : UX DEVICE CLASS RTOS Condition cause : null
2024-05-29 08:34:15,564 [WARN] ConditionMgr:438 - getConditionDescription Invalid condition id : UX DEVICE CLASS RTOS Condition cause : null
2024-05-29 08:34:15,567 [WARN] PackLoader:240 - Cannot read IP mode file for STMicroelectronics.X-CUBE-AZRTOS-WB.2.0.0
2024-05-29 08:34:15,567 [WARN] ConditionMgr:1039 - genDependencies : Invalid condition id : UX DEVICE CLASS RTOS Condition cause : null
2024-05-29 08:34:15,567 [WARN] ConditionMgr:1039 - genDependencies : Invalid condition id : UX DEVICE CLASS RTOS Condition cause : null
2024-05-29 08:34:15,568 [WARN] ConditionMgr:1039 - genDependencies : Invalid condition id : UX DEVICE CLASS RTOS Condition cause : null
2024-05-29 08:34:15,568 [WARN] ConditionMgr:1039 - genDependencies : Invalid condition id : UX DEVICE CLASS RTOS Condition cause : null
2024-05-29 08:34:15,568 [WARN] ConditionMgr:1039 - genDependencies : Invalid condition id : UX DEVICE CLASS RTOS Condition cause : null
2024-05-29 08:34:15,578 [INFO] LogOutputStream:77 - [STDOUT_REDIRECT] 1 : Invalid condition id : UX_CORESTACK_Condition cause : null
2024-05-29 08:34:15,579 [INFO] LogOutputStream:77 - [STDOUT_REDIRECT] 1 : Invalid condition id : UX_CORESTACK_Condition cause : null
2024-05-29 08:34:15,580 [INFO] LogOutputStream:77 - [STDOUT_REDIRECT] 1 : Invalid condition id : UX_CORESTACK_Condition cause : null
2024-05-29 08:34:15,582 [INFO] LogOutputStream:77 - [STDOUT_REDIRECT] 1 : Invalid condition id : UX_CORESTACK_Condition cause : null
2024-05-29 08:34:15,583 [INFO] LogOutputStream:77 - [STDOUT_REDIRECT] 1 : Invalid condition id : UX_CORESTACK_Condition cause : null
2024-05-29 08:34:15,597 [WARN] PackLoader:240 - Cannot read IP mode file for STMicroelectronics.X-CUBE-AZRTOS-WL.2.0.0
2024-05-29 08:34:15,606 [WARN] PackLoader:240 - Cannot read IP mode file for wolfSSL.I-CUBE-wolfSSL.5.7.0
2024-05-29 08:34:15,641 [WARN] PackLoader:240 - Cannot read IP mode file for SEGGER.I-CUBE-embOS.1.3.1
2024-05-29 08:34:15,731 [WARN] PackLoader:240 - Cannot read IP mode file for portGmbH.I-Cube-SoM-uGOAL.1.1.0
2024-05-29 08:34:15,738 [WARN] PackLoader:240 - Cannot read IP mode file for emotas.I-CUBE-CANOPEN.1.3.0
2024-05-29 08:34:15,748 [WARN] PackLoader:240 - Cannot read IP mode file for WES.I-CUBE-Cesium.1.3.0
2024-05-29 08:34:15,757 [WARN] PackLoader:240 - Cannot read IP mode file for ITTIA_DB.I-CUBE-ITTIADB.8.9.0
2024-05-29 08:34:15,773 [WARN] PackLoader:240 - Cannot read IP mode file for Infineon.AIROC-Wi-Fi-Bluetooth-STM32.1.6.0
2024-05-29 08:34:15,786 [WARN] PackLoader:240 - Cannot read IP mode file for Cesanta.I-CUBE-Mongoose.7.13.0
2024-05-29 08:34:15,787 [INFO] PopulateThirdPartyThread:66 - Ending populate Thread
2024-05-29 08:34:15,789 [INFO] ThirdParty:1030 - CMSIS Pack Vendor :STMicroelectronics X-CUBE-DISPLAY 3.0.0
2024-05-29 08:34:15,789 [INFO] ThirdParty:1030 - CMSIS Pack Vendor :STMicroelectronics X-CUBE-GNSS1 6.0.0
2024-05-29 08:34:15,790 [INFO] ThirdParty:1030 - CMSIS Pack Vendor :STMicroelectronics FP-SNS-MOTENVWB1 1.4.0
2024-05-29 08:34:15,790 [INFO] ThirdParty:1030 - CMSIS Pack Vendor :STMicroelectronics X-CUBE-AZRTOS-F4 1.1.0
2024-05-29 08:34:15,790 [INFO] ThirdParty:1030 - CMSIS Pack Vendor :wolfSSL I-CUBE-wolfSSL 5.7.0
2024-05-29 08:34:15,790 [INFO] ThirdParty:1030 - CMSIS Pack Vendor :STMicroelectronics FP-ATR-SIGFOX1 3.2.0
2024-05-29 08:34:15,790 [INFO] ThirdParty:1030 - CMSIS Pack Vendor :STMicroelectronics X-CUBE-BLE1 7.0.0
2024-05-29 08:34:15,790 [INFO] ThirdParty:1030 - CMSIS Pack Vendor :STMicroelectronics X-CUBE-SMBUS 2.1.0
2024-05-29 08:34:15,790 [INFO] ThirdParty:1030 - CMSIS Pack Vendor :STMicroelectronics X-CUBE-ISPU 2.0.0
2024-05-29 08:34:15,790 [INFO] ThirdParty:1030 - CMSIS Pack Vendor :STMicroelectronics X-CUBE-TCPP 4.1.0
2024-05-29 08:34:15,790 [INFO] ThirdParty:1030 - CMSIS Pack Vendor :STMicroelectronics X-CUBE-EEPRMA1 5.1.0
2024-05-29 08:34:15,790 [INFO] ThirdParty:1030 - CMSIS Pack Vendor :STMicroelectronics X-CUBE-ALS 1.0.2
2024-05-29 08:34:15,790 [INFO] ThirdParty:1030 - CMSIS Pack Vendor :STMicroelectronics X-CUBE-FREERTOS 1.2.0
2024-05-29 08:34:15,790 [INFO] ThirdParty:1030 - CMSIS Pack Vendor :STMicroelectronics X-CUBE-AZRTOS-WB 2.0.0
2024-05-29 08:34:15,790 [INFO] ThirdParty:1030 - CMSIS Pack Vendor :emotas I-CUBE-CANOPEN 1.3.0
2024-05-29 08:34:15,790 [INFO] ThirdParty:1030 - CMSIS Pack Vendor :STMicroelectronics X-CUBE-MEMS1 10.0.0
2024-05-29 08:34:15,791 [INFO] ThirdParty:1030 - CMSIS Pack Vendor :STMicroelectronics X-CUBE-NFC7 1.0.1
2024-05-29 08:34:15,791 [INFO] ThirdParty:1030 - CMSIS Pack Vendor :ITTIA_DB I-CUBE-ITTIADB 8.9.0
2024-05-29 08:34:15,791 [INFO] ThirdParty:1030 - CMSIS Pack Vendor :STMicroelectronics X-CUBE-TOUCHGFX 4.23.2
2024-05-29 08:34:15,791 [INFO] ThirdParty:1030 - CMSIS Pack Vendor :STMicroelectronics X-CUBE-AZRTOS-F7 1.1.0
2024-05-29 08:34:15,791 [INFO] ThirdParty:1030 - CMSIS Pack Vendor :STMicroelectronics X-CUBE-AZRTOS-L5 2.0.0
2024-05-29 08:34:15,791 [INFO] ThirdParty:1030 - CMSIS Pack Vendor :portGmbH I-Cube-SoM-uGOAL 1.1.0
2024-05-29 08:34:15,791 [INFO] ThirdParty:1030 - CMSIS Pack Vendor :STMicroelectronics X-CUBE-NFC6 3.1.0
2024-05-29 08:34:15,791 [INFO] ThirdParty:1030 - CMSIS Pack Vendor :STMicroelectronics X-CUBE-BLEMGR 3.1.0
2024-05-29 08:34:15,791 [INFO] ThirdParty:1030 - CMSIS Pack Vendor :STMicroelectronics FP-SNS-SMARTAG2 1.2.0
2024-05-29 08:34:15,791 [INFO] ThirdParty:1030 - CMSIS Pack Vendor :STMicroelectronics X-CUBE-AZRTOS-WL 2.0.0
2024-05-29 08:34:15,791 [INFO] ThirdParty:1030 - CMSIS Pack Vendor :SEGGER I-CUBE-embOS 1.3.1
2024-05-29 08:34:15,791 [INFO] ThirdParty:1030 - CMSIS Pack Vendor :STMicroelectronics X-CUBE-ALGOBUILD 1.4.0
2024-05-29 08:34:15,791 [INFO] ThirdParty:1030 - CMSIS Pack Vendor :STMicroelectronics FP-SNS-MOTENV1 5.0.0
2024-05-29 08:34:15,791 [INFO] ThirdParty:1030 - CMSIS Pack Vendor :STMicroelectronics X-CUBE-AZRTOS-G0 1.1.0
2024-05-29 08:34:15,791 [INFO] ThirdParty:1030 - CMSIS Pack Vendor :STMicroelectronics X-CUBE-NFC4 3.0.0
2024-05-29 08:34:15,792 [INFO] ThirdParty:1030 - CMSIS Pack Vendor :STMicroelectronics X-CUBE-SAFEA1 1.2.2
2024-05-29 08:34:15,792 [INFO] ThirdParty:1030 - CMSIS Pack Vendor :STMicroelectronics X-CUBE-SUBG2 5.0.0
2024-05-29 08:34:15,792 [INFO] ThirdParty:1030 - CMSIS Pack Vendor :STMicroelectronics X-CUBE-AZRTOS-H7RS 1.0.0
2024-05-29 08:34:15,792 [INFO] ThirdParty:1030 - CMSIS Pack Vendor :STMicroelectronics X-CUBE-AZRTOS-L4 2.0.0
2024-05-29 08:34:15,792 [INFO] ThirdParty:1030 - CMSIS Pack Vendor :STMicroelectronics FP-ATR-ASTRA1 2.0.0
2024-05-29 08:34:15,792 [INFO] ThirdParty:1030 - CMSIS Pack Vendor :WES I-CUBE-Cesium 1.3.0
2024-05-29 08:34:15,792 [INFO] ThirdParty:1030 - CMSIS Pack Vendor :STMicroelectronics X-CUBE-SFXS2LP1 4.0.0
2024-05-29 08:34:15,792 [INFO] ThirdParty:1030 - CMSIS Pack Vendor :STMicroelectronics FP-SNS-FLIGHT1 5.0.2
2024-05-29 08:34:15,792 [INFO] ThirdParty:1030 - CMSIS Pack Vendor :STMicroelectronics X-CUBE-BLE2 3.3.0
2024-05-29 08:34:15,792 [INFO] ThirdParty:1030 - CMSIS Pack Vendor :Cesanta I-CUBE-Mongoose 7.13.0
2024-05-29 08:34:15,792 [INFO] ThirdParty:1030 - CMSIS Pack Vendor :STMicroelectronics X-CUBE-AI 9.0.0
2024-05-29 08:34:15,792 [INFO] ThirdParty:1030 - CMSIS Pack Vendor :STMicroelectronics X-CUBE-TOF1 3.4.1
2024-05-29 08:34:15,792 [INFO] ThirdParty:1030 - CMSIS Pack Vendor :STMicroelectronics X-CUBE-AZRTOS-G4 2.0.0
2024-05-29 08:34:15,792 [INFO] ThirdParty:1030 - CMSIS Pack Vendor :STMicroelectronics X-CUBE-AZRTOS-H7 3.2.0
2024-05-29 08:34:15,793 [INFO] ThirdParty:1030 - CMSIS Pack Vendor :Infineon AIROC-Wi-Fi-Bluetooth-STM32 1.6.0
2024-05-29 08:34:15,793 [INFO] LoadServerUpdatesThread:375 - End of LoadServerUpdate Thread
2024-05-29 08:34:48,208 [INFO] MultiScanPanel:200 - Auto-refresh data requested => check proxy status ongoing
2024-05-29 08:34:48,689 [INFO] ServerAccessManage:473 - Download File 
2024-05-29 08:34:48,711 [INFO] LoadUrlFilesThread:185 - End of LoadServerUrlFiles without Thread
2024-05-29 08:34:48,723 [INFO] DetailPanel:341 - Set advertising image to C:/Users/FREDRRX/STM32Cube/Repository/\en.Prom_NBSTM32U50921.jpg
2024-05-29 08:34:48,767 [INFO] DbBoards:642 - Loading board mini-images...
2024-05-29 08:34:49,545 [ERROR] DbBoards:659 - Image file not found for board NUCLEO-H533RE: C:\Users\FREDRRX\.stmcufinder\plugins\mcufinder//mcu//boards_images/NUCLEO-H533RE.jpg
2024-05-29 08:34:49,955 [ERROR] DbBoards:659 - Image file not found for board NUCLEO-U031R8: C:\Users\FREDRRX\.stmcufinder\plugins\mcufinder//mcu//boards_images/NUCLEO-U031R8.jpg
2024-05-29 08:34:50,041 [ERROR] DbBoards:659 - Image file not found for board NUCLEO-WBA55CG: C:\Users\FREDRRX\.stmcufinder\plugins\mcufinder//mcu//boards_images/NUCLEO-WBA55CG.jpg
2024-05-29 08:34:51,649 [ERROR] DbBoards:659 - Image file not found for board STM32WBA55G-DK1: C:\Users\FREDRRX\.stmcufinder\plugins\mcufinder//mcu//boards_images/STM32WBA55G-DK1.jpg
2024-05-29 08:34:51,649 [INFO] DbBoards:665 - Loaded 195 board mini-images
2024-05-29 08:35:29,243 [INFO] MetaSearchPanel:254 - search for filter with key=stm32f4
2024-05-29 08:35:29,243 [INFO] MetaSearchPanel:355 - search for filter component McuSeries
2024-05-29 08:35:29,243 [INFO] MetaSearchPanel:329 - Collapse all filters sections
2024-05-29 08:38:40,765 [INFO] McuFinderGlobals:76 - Set McuFinderConnectedMode to true
2024-05-29 08:38:40,774 [INFO] ApiDb:448 - Save user favorites file C:\Users\FREDRRX/.stm32cubeide/favorites.mcus.txt: 0 item(s)
2024-05-29 08:38:40,775 [INFO] ApiDb:452 - User favorites MCUs=[]
2024-05-29 08:38:40,782 [INFO] ApiDb:448 - Save user favorites file C:\Users\FREDRRX/.stm32cubeide/favorites.boards.txt: 0 item(s)
2024-05-29 08:38:40,783 [INFO] ApiDb:452 - User favorites Boards=[]
2024-05-29 10:04:23,320 [INFO] LogOutputStream:77 - [STDOUT_REDIRECT] StartTraceHandler.execute(), success : Collect=true
2024-05-29 10:07:28,973 [INFO] LogOutputStream:77 - [STDOUT_REDIRECT] StartTraceHandler.execute(), success : Collect=false
2024-05-29 10:07:31,083 [INFO] LogOutputStream:77 - [STDOUT_REDIRECT] StartTraceHandler.execute(), success : Collect=true
2024-05-29 10:07:36,235 [INFO] LogOutputStream:77 - [STDOUT_REDIRECT] StartTraceHandler.execute(), success : Collect=false
2024-05-29 10:07:56,366 [INFO] LogOutputStream:77 - [STDOUT_REDIRECT] StartTraceHandler.execute(), success : Collect=true
2024-05-29 15:23:30,972 [ERROR] LogOutputStream:75 - [STDERR_REDIRECT] 
