2024-05-30 07:44:58,898 [INFO] Activator:176 - 


2024-05-30 07:44:58,916 [INFO] Activator:177 - !SESSION log4j initialized
2024-05-30 07:45:08,079 [INFO] LogOutputStream:77 - [STDOUT_REDIRECT] 
2024-05-30 07:45:09,459 [INFO] ApplicationProperties:184 - Using Application install path: C:\ST\STM32CubeIDE_1.15.1\STM32CubeIDE\plugins\com.st.stm32cube.common.mx_6.11.1.202404110753
2024-05-30 07:45:09,485 [INFO] DbMcusXml:78 - Set database path to: C:\ST\STM32CubeIDE_1.15.1\STM32CubeIDE\plugins\com.st.stm32cube.common.mx_6.11.1.202404110753\\db\/mcu/
2024-05-30 07:45:09,486 [INFO] ApiDb:274 - Set plugin database path to: C:\ST\STM32CubeIDE_1.15.1\STM32CubeIDE\plugins\com.st.stm32cube.common.mx_6.11.1.202404110753\\db\/plugins/boardmanager/
2024-05-30 07:45:09,486 [WARN] ApiDb:259 - Overriding images path with different value:  => C:\ST\STM32CubeIDE_1.15.1\STM32CubeIDE\plugins\com.st.stm32cube.common.mx_6.11.1.202404110753\\db\/plugins/mcufinder/images/
2024-05-30 07:45:09,497 [INFO] ApiDb:250 - Set database path to: C:\Users\FREDRRX\.stmcufinder\plugins\mcufinder//mcu/
2024-05-30 07:45:09,498 [INFO] DbMcusAds:125 - Set database path to: C:\Users\FREDRRX\.stmcufinder\plugins\mcufinder//mcu/
2024-05-30 07:45:09,500 [INFO] CrossReferenceDbSqlite:203 - Set database path to: C:\Users\FREDRRX\.stmcufinder\plugins\mcufinder//mcu/cs/
2024-05-30 07:45:09,643 [INFO] RulesReader:64 - Compatibility file has been processed (297 Rules)
2024-05-30 07:45:09,821 [INFO] DbMcusXml:78 - Set database path to: C:\ST\STM32CubeIDE_1.15.1\STM32CubeIDE\plugins\com.st.stm32cube.common.mx_6.11.1.202404110753\\db\/mcu/
2024-05-30 07:45:09,821 [INFO] ApiDb:274 - Set plugin database path to: C:\ST\STM32CubeIDE_1.15.1\STM32CubeIDE\plugins\com.st.stm32cube.common.mx_6.11.1.202404110753\\db\/plugins/boardmanager/
2024-05-30 07:45:09,822 [INFO] ApiDb:261 - Set plugin images path to: C:\ST\STM32CubeIDE_1.15.1\STM32CubeIDE\plugins\com.st.stm32cube.common.mx_6.11.1.202404110753\\db\/plugins/mcufinder/images/
2024-05-30 07:45:09,822 [WARN] DbFile:41 - Overriding database path with different value: C:\Users\FREDRRX\.stmcufinder\plugins\mcufinder/ => C:\Users\FREDRRX\.stmcufinder\plugins\mcufinder
2024-05-30 07:45:09,823 [INFO] ApiDb:250 - Set database path to: C:\Users\FREDRRX\.stmcufinder\plugins\mcufinder//mcu/
2024-05-30 07:45:09,823 [WARN] DbFile:41 - Overriding database path with different value: C:\Users\FREDRRX\.stmcufinder\plugins\mcufinder/ => C:\Users\FREDRRX\.stmcufinder\plugins\mcufinder
2024-05-30 07:45:09,823 [INFO] DbMcusAds:125 - Set database path to: C:\Users\FREDRRX\.stmcufinder\plugins\mcufinder//mcu/
2024-05-30 07:45:09,823 [WARN] DbFile:41 - Overriding database path with different value: C:\Users\FREDRRX\.stmcufinder\plugins\mcufinder/ => C:\Users\FREDRRX\.stmcufinder\plugins\mcufinder
2024-05-30 07:45:09,823 [WARN] DbFile:41 - Overriding database path with different value: C:\Users\FREDRRX\.stmcufinder\plugins\mcufinder/ => C:\Users\FREDRRX\.stmcufinder\plugins\mcufinder
2024-05-30 07:45:09,823 [INFO] CrossReferenceDbSqlite:203 - Set database path to: C:\Users\FREDRRX\.stmcufinder\plugins\mcufinder//mcu/cs/
2024-05-30 07:45:09,948 [INFO] MainPanel:264 - HeapMemory: 268435456
2024-05-30 07:45:10,100 [INFO] DbMcusXml:78 - Set database path to: C:\ST\STM32CubeIDE_1.15.1\STM32CubeIDE\plugins\com.st.stm32cube.common.mx_6.11.1.202404110753\\db\/mcu/
2024-05-30 07:45:10,101 [INFO] ApiDb:274 - Set plugin database path to: C:\ST\STM32CubeIDE_1.15.1\STM32CubeIDE\plugins\com.st.stm32cube.common.mx_6.11.1.202404110753\\db\/plugins/boardmanager/
2024-05-30 07:45:10,101 [INFO] ApiDb:261 - Set plugin images path to: C:\ST\STM32CubeIDE_1.15.1\STM32CubeIDE\plugins\com.st.stm32cube.common.mx_6.11.1.202404110753\\db\/plugins/mcufinder/images/
2024-05-30 07:45:10,102 [WARN] DbFile:41 - Overriding database path with different value: C:\Users\FREDRRX\.stmcufinder\plugins\mcufinder/ => C:\Users\FREDRRX\.stmcufinder\plugins\mcufinder
2024-05-30 07:45:10,103 [INFO] ApiDb:250 - Set database path to: C:\Users\FREDRRX\.stmcufinder\plugins\mcufinder//mcu/
2024-05-30 07:45:10,103 [WARN] DbFile:41 - Overriding database path with different value: C:\Users\FREDRRX\.stmcufinder\plugins\mcufinder/ => C:\Users\FREDRRX\.stmcufinder\plugins\mcufinder
2024-05-30 07:45:10,103 [INFO] DbMcusAds:125 - Set database path to: C:\Users\FREDRRX\.stmcufinder\plugins\mcufinder//mcu/
2024-05-30 07:45:10,103 [WARN] DbFile:41 - Overriding database path with different value: C:\Users\FREDRRX\.stmcufinder\plugins\mcufinder/ => C:\Users\FREDRRX\.stmcufinder\plugins\mcufinder
2024-05-30 07:45:10,103 [WARN] DbFile:41 - Overriding database path with different value: C:\Users\FREDRRX\.stmcufinder\plugins\mcufinder/ => C:\Users\FREDRRX\.stmcufinder\plugins\mcufinder
2024-05-30 07:45:10,104 [INFO] CrossReferenceDbSqlite:203 - Set database path to: C:\Users\FREDRRX\.stmcufinder\plugins\mcufinder//mcu/cs/
2024-05-30 07:45:10,136 [INFO] ApplicationProperties:184 - Using Application install path: C:\ST\STM32CubeIDE_1.15.1\STM32CubeIDE\plugins\com.st.stm32cube.common.mx_6.11.1.202404110753
2024-05-30 07:45:10,139 [INFO] PluginManage:196 - Search for loadable plugins [exclusion list=, ]
2024-05-30 07:45:10,141 [INFO] PluginManage:310 - Check plugin analytics
2024-05-30 07:45:10,381 [INFO] AnalyticsPlugin:253 - Accepted Software Licenses: 
2024-05-30 07:45:10,382 [INFO] AnalyticsPlugin:255 - Accepted CMSIS Pack Licenses: 
2024-05-30 07:45:10,382 [INFO] AnalyticsPlugin:257 - Accepted Firmware Licenses: 
2024-05-30 07:45:10,387 [INFO] PluginManage:359 - Loaded plugin analytics (category:tool,tabindex:-1)
2024-05-30 07:45:10,388 [INFO] PluginManage:310 - Check plugin cadmodel
2024-05-30 07:45:10,398 [INFO] CADModel:105 - Init CAD model plugin
2024-05-30 07:45:10,399 [INFO] PluginManage:359 - Loaded plugin cadmodel (category:power,tabindex:5)
2024-05-30 07:45:10,399 [INFO] PluginManage:310 - Check plugin clock
2024-05-30 07:45:10,416 [INFO] PluginManage:359 - Loaded plugin clock (category:base,tabindex:2)
2024-05-30 07:45:10,417 [INFO] PluginManage:310 - Check plugin ddr
2024-05-30 07:45:10,420 [INFO] PluginManage:359 - Loaded plugin ddr (category:tool,tabindex:6)
2024-05-30 07:45:10,420 [INFO] PluginManage:310 - Check plugin filemanager
2024-05-30 07:45:10,609 [INFO] PluginManage:359 - Loaded plugin filemanager (category:base,tabindex:10)
2024-05-30 07:45:10,609 [INFO] PluginManage:310 - Check plugin ipmanager
2024-05-30 07:45:10,624 [INFO] PluginManage:359 - Loaded plugin ipmanager (category:base,tabindex:5)
2024-05-30 07:45:10,624 [INFO] PluginManage:310 - Check plugin lpbam
2024-05-30 07:45:10,637 [INFO] PluginManage:359 - Loaded plugin lpbam (category:base,tabindex:0)
2024-05-30 07:45:10,638 [INFO] PluginManage:310 - Check plugin memorymap
2024-05-30 07:45:10,661 [INFO] PluginManage:359 - Loaded plugin memorymap (category:base,tabindex:4)
2024-05-30 07:45:10,661 [INFO] PluginManage:310 - Check plugin pinoutandconfiguration
2024-05-30 07:45:10,677 [INFO] PluginManage:359 - Loaded plugin pinoutandconfiguration (category:base,tabindex:1)
2024-05-30 07:45:10,677 [INFO] PluginManage:310 - Check plugin pinoutconfig
2024-05-30 07:45:10,826 [WARN] SupportedApi:132 - Cannot load RTOS API schema: s4s-elt-must-match.1: The content of 'definitions' must match (annotation?, (simpleType | complexType)?, (unique | key | keyref)*)). A problem was found starting at: attribute.
2024-05-30 07:45:10,992 [INFO] PluginManage:359 - Loaded plugin pinoutconfig (category:base,tabindex:0)
2024-05-30 07:45:10,992 [INFO] PluginManage:310 - Check plugin power
2024-05-30 07:45:11,007 [INFO] PluginManage:359 - Loaded plugin power (category:power,tabindex:4)
2024-05-30 07:45:11,008 [INFO] PluginManage:310 - Check plugin projectmanager
2024-05-30 07:45:11,031 [INFO] PluginManage:359 - Loaded plugin projectmanager (category:projectmanager,tabindex:3)
2024-05-30 07:45:11,031 [INFO] PluginManage:310 - Check plugin thirdparty
2024-05-30 07:45:11,234 [INFO] PluginManage:359 - Loaded plugin thirdparty (category:base,tabindex:-1)
2024-05-30 07:45:11,234 [WARN] IntegrityCheckThread:84 - waiting for thirdparty lock release [integrity check]
2024-05-30 07:45:11,235 [INFO] PluginManage:310 - Check plugin tools
2024-05-30 07:45:11,235 [INFO] IntegrityCheckThread:86 - entering critical section [integrity check]
2024-05-30 07:45:11,236 [INFO] ThirdPartyUpdaterWithRetryManager:70 - Updater plugin not ready yet. [1/15]
2024-05-30 07:45:11,242 [INFO] PluginManage:359 - Loaded plugin tools (category:base,tabindex:7)
2024-05-30 07:45:11,242 [INFO] PluginManage:310 - Check plugin tutovideos
2024-05-30 07:45:11,468 [INFO] PluginManage:359 - Loaded plugin tutovideos (category:base,tabindex:-1)
2024-05-30 07:45:11,468 [INFO] PluginManage:310 - Check plugin updater
2024-05-30 07:45:11,483 [INFO] PluginManage:359 - Loaded plugin updater (category:base,tabindex:12)
2024-05-30 07:45:11,483 [INFO] PluginManage:310 - Check plugin userauth
2024-05-30 07:45:11,490 [INFO] UserAuth:114 - Init User Auth plugin
2024-05-30 07:45:11,490 [INFO] PluginManage:359 - Loaded plugin userauth (category:base,tabindex:14)
2024-05-30 07:45:11,491 [INFO] PluginManage:283 - PluginManage : Loaded plugins [17]
2024-05-30 07:45:11,814 [INFO] PinOutPanel:1561 - setPackage(No Configuration,No Configuration)
2024-05-30 07:45:11,968 [INFO] CADModel:165 - CPN selected for project level
2024-05-30 07:45:11,969 [INFO] CADModel:114 - Register for checkConnection events
2024-05-30 07:45:11,995 [INFO] IPUIPlugin:80 - create IPUIPlugin
2024-05-30 07:45:11,996 [INFO] PluginManager:220 - loadIPPluginJar : add adc
2024-05-30 07:45:12,001 [INFO] IPUIPlugin:80 - create IPUIPlugin
2024-05-30 07:45:12,001 [INFO] PluginManager:220 - loadIPPluginJar : add aes
2024-05-30 07:45:12,007 [INFO] IPUIPlugin:80 - create IPUIPlugin
2024-05-30 07:45:12,007 [INFO] PluginManager:220 - loadIPPluginJar : add can
2024-05-30 07:45:12,009 [INFO] IPUIPlugin:80 - create IPUIPlugin
2024-05-30 07:45:12,009 [INFO] PluginManager:220 - loadIPPluginJar : add comp
2024-05-30 07:45:12,013 [INFO] IPUIPlugin:80 - create IPUIPlugin
2024-05-30 07:45:12,013 [INFO] PluginManager:220 - loadIPPluginJar : add cryp
2024-05-30 07:45:12,016 [INFO] IPUIPlugin:80 - create IPUIPlugin
2024-05-30 07:45:12,017 [INFO] PluginManager:220 - loadIPPluginJar : add dfsdm
2024-05-30 07:45:12,024 [INFO] IPUIPlugin:80 - create IPUIPlugin
2024-05-30 07:45:12,025 [INFO] PluginManager:220 - loadIPPluginJar : add dma
2024-05-30 07:45:12,029 [INFO] IPUIPlugin:80 - create IPUIPlugin
2024-05-30 07:45:12,029 [INFO] PluginManager:220 - loadIPPluginJar : add dma3
2024-05-30 07:45:12,033 [INFO] IPUIPlugin:80 - create IPUIPlugin
2024-05-30 07:45:12,033 [INFO] PluginManager:220 - loadIPPluginJar : add extmemmanager
2024-05-30 07:45:12,035 [INFO] IPUIPlugin:80 - create IPUIPlugin
2024-05-30 07:45:12,035 [INFO] PluginManager:220 - loadIPPluginJar : add fatfs
2024-05-30 07:45:12,040 [INFO] IPUIPlugin:80 - create IPUIPlugin
2024-05-30 07:45:12,040 [INFO] PluginManager:220 - loadIPPluginJar : add fmc
2024-05-30 07:45:12,051 [INFO] IPUIPlugin:80 - create IPUIPlugin
2024-05-30 07:45:12,051 [INFO] PluginManager:220 - loadIPPluginJar : add freertos
2024-05-30 07:45:12,055 [INFO] IPUIPlugin:80 - create IPUIPlugin
2024-05-30 07:45:12,055 [INFO] PluginManager:220 - loadIPPluginJar : add genericplugin
2024-05-30 07:45:12,059 [INFO] IPUIPlugin:80 - create IPUIPlugin
2024-05-30 07:45:12,060 [INFO] PluginManager:220 - loadIPPluginJar : add gfxmmu
2024-05-30 07:45:12,068 [INFO] IPUIPlugin:80 - create IPUIPlugin
2024-05-30 07:45:12,068 [INFO] PluginManager:220 - loadIPPluginJar : add gic
2024-05-30 07:45:12,075 [INFO] IPUIPlugin:80 - create IPUIPlugin
2024-05-30 07:45:12,076 [INFO] PluginManager:220 - loadIPPluginJar : add gpio
2024-05-30 07:45:12,080 [INFO] IPUIPlugin:80 - create IPUIPlugin
2024-05-30 07:45:12,080 [INFO] PluginManager:220 - loadIPPluginJar : add gtzc
2024-05-30 07:45:12,083 [INFO] IPUIPlugin:80 - create IPUIPlugin
2024-05-30 07:45:12,084 [INFO] PluginManager:220 - loadIPPluginJar : add hash
2024-05-30 07:45:12,088 [INFO] IPUIPlugin:80 - create IPUIPlugin
2024-05-30 07:45:12,088 [INFO] PluginManager:220 - loadIPPluginJar : add i2c
2024-05-30 07:45:12,091 [INFO] IPUIPlugin:80 - create IPUIPlugin
2024-05-30 07:45:12,091 [INFO] PluginManager:220 - loadIPPluginJar : add i2s
2024-05-30 07:45:12,095 [INFO] IPUIPlugin:80 - create IPUIPlugin
2024-05-30 07:45:12,095 [INFO] PluginManager:220 - loadIPPluginJar : add i3c
2024-05-30 07:45:12,099 [INFO] IPUIPlugin:80 - create IPUIPlugin
2024-05-30 07:45:12,099 [INFO] PluginManager:220 - loadIPPluginJar : add ipddr
2024-05-30 07:45:12,107 [INFO] IPUIPlugin:80 - create IPUIPlugin
2024-05-30 07:45:12,107 [INFO] PluginManager:220 - loadIPPluginJar : add linkedlist
2024-05-30 07:45:12,111 [INFO] IPUIPlugin:80 - create IPUIPlugin
2024-05-30 07:45:12,111 [INFO] PluginManager:220 - loadIPPluginJar : add lorawan
2024-05-30 07:45:12,114 [INFO] IPUIPlugin:80 - create IPUIPlugin
2024-05-30 07:45:12,114 [INFO] PluginManager:220 - loadIPPluginJar : add ltdc
2024-05-30 07:45:12,122 [INFO] IPUIPlugin:80 - create IPUIPlugin
2024-05-30 07:45:12,122 [INFO] PluginManager:220 - loadIPPluginJar : add mdma
2024-05-30 07:45:12,127 [INFO] IPUIPlugin:80 - create IPUIPlugin
2024-05-30 07:45:12,127 [INFO] PluginManager:220 - loadIPPluginJar : add nvic
2024-05-30 07:45:12,131 [INFO] IPUIPlugin:80 - create IPUIPlugin
2024-05-30 07:45:12,132 [INFO] PluginManager:220 - loadIPPluginJar : add opamp
2024-05-30 07:45:12,137 [INFO] IPUIPlugin:80 - create IPUIPlugin
2024-05-30 07:45:12,137 [INFO] PluginManager:220 - loadIPPluginJar : add openamp
2024-05-30 07:45:12,141 [INFO] IPUIPlugin:80 - create IPUIPlugin
2024-05-30 07:45:12,141 [INFO] PluginManager:220 - loadIPPluginJar : add pdm2pcm
2024-05-30 07:45:12,149 [INFO] IPUIPlugin:80 - create IPUIPlugin
2024-05-30 07:45:12,151 [INFO] PluginManager:220 - loadIPPluginJar : add plateformsettings
2024-05-30 07:45:12,154 [INFO] IPUIPlugin:80 - create IPUIPlugin
2024-05-30 07:45:12,154 [INFO] PluginManager:220 - loadIPPluginJar : add quadspi
2024-05-30 07:45:12,159 [INFO] IPUIPlugin:80 - create IPUIPlugin
2024-05-30 07:45:12,160 [INFO] PluginManager:220 - loadIPPluginJar : add resmgrutility
2024-05-30 07:45:12,165 [INFO] IPUIPlugin:80 - create IPUIPlugin
2024-05-30 07:45:12,166 [INFO] PluginManager:220 - loadIPPluginJar : add sai
2024-05-30 07:45:12,172 [INFO] IPUIPlugin:80 - create IPUIPlugin
2024-05-30 07:45:12,172 [INFO] PluginManager:220 - loadIPPluginJar : add spi
2024-05-30 07:45:12,181 [INFO] IPUIPlugin:80 - create IPUIPlugin
2024-05-30 07:45:12,182 [INFO] PluginManager:220 - loadIPPluginJar : add stm32_wpan
2024-05-30 07:45:12,184 [INFO] IPUIPlugin:80 - create IPUIPlugin
2024-05-30 07:45:12,185 [INFO] PluginManager:220 - loadIPPluginJar : add tim
2024-05-30 07:45:12,191 [INFO] IPUIPlugin:80 - create IPUIPlugin
2024-05-30 07:45:12,191 [INFO] PluginManager:220 - loadIPPluginJar : add touchsensing
2024-05-30 07:45:12,194 [INFO] IPUIPlugin:80 - create IPUIPlugin
2024-05-30 07:45:12,195 [INFO] PluginManager:220 - loadIPPluginJar : add tracer_emb
2024-05-30 07:45:12,198 [INFO] IPUIPlugin:80 - create IPUIPlugin
2024-05-30 07:45:12,199 [INFO] PluginManager:220 - loadIPPluginJar : add ts
2024-05-30 07:45:12,201 [INFO] IPUIPlugin:80 - create IPUIPlugin
2024-05-30 07:45:12,201 [INFO] PluginManager:220 - loadIPPluginJar : add tsc
2024-05-30 07:45:12,205 [INFO] IPUIPlugin:80 - create IPUIPlugin
2024-05-30 07:45:12,205 [INFO] PluginManager:220 - loadIPPluginJar : add ucpd
2024-05-30 07:45:12,211 [INFO] IPUIPlugin:80 - create IPUIPlugin
2024-05-30 07:45:12,211 [INFO] PluginManager:220 - loadIPPluginJar : add usart
2024-05-30 07:45:12,215 [INFO] IPUIPlugin:80 - create IPUIPlugin
2024-05-30 07:45:12,215 [INFO] PluginManager:220 - loadIPPluginJar : add usbx
2024-05-30 07:45:12,404 [INFO] CADModel:165 - CPN selected for project level
2024-05-30 07:45:12,404 [INFO] CADModel:114 - Register for checkConnection events
2024-05-30 07:45:12,405 [FATAL] Updater:308 - Updater called before beeing initialized
2024-05-30 07:45:12,405 [ERROR] CADModel:125 - Updater not yet initialized, retry later 
2024-05-30 07:45:12,616 [INFO] CADModel:165 - CPN selected for project level
2024-05-30 07:45:12,616 [INFO] CADModel:114 - Register for checkConnection events
2024-05-30 07:45:12,616 [FATAL] Updater:308 - Updater called before beeing initialized
2024-05-30 07:45:12,616 [ERROR] CADModel:125 - Updater not yet initialized, retry later 
2024-05-30 07:45:12,620 [FATAL] Updater:308 - Updater called before beeing initialized
2024-05-30 07:45:12,813 [FATAL] Updater:308 - Updater called before beeing initialized
2024-05-30 07:45:12,820 [INFO] DbMcusAds:53 - JSON generation date=Thu May 16 04:22:00 CDT 2024 (1715851320852)
2024-05-30 07:45:12,820 [FATAL] Updater:308 - Updater called before beeing initialized
2024-05-30 07:45:12,891 [WARN] DetailPanel:346 - Failed to get advertising image, set to default
2024-05-30 07:45:13,035 [FATAL] Updater:308 - Updater called before beeing initialized
2024-05-30 07:45:13,038 [FATAL] Updater:308 - Updater called before beeing initialized
2024-05-30 07:45:13,039 [FATAL] Updater:308 - Updater called before beeing initialized
2024-05-30 07:45:13,039 [WARN] DetailPanel:346 - Failed to get advertising image, set to default
2024-05-30 07:45:13,042 [FATAL] Updater:308 - Updater called before beeing initialized
2024-05-30 07:45:13,144 [ERROR] Updater:1120 - MainUpdater not yet initialized. External WinMGr cannot be set.
2024-05-30 07:45:13,148 [INFO] Updater:1056 - Updater Version found : 6.11.1
2024-05-30 07:45:13,178 [INFO] ApplicationProperties:184 - Using Application install path: C:\ST\STM32CubeIDE_1.15.1\STM32CubeIDE\plugins\com.st.stm32cube.common.mx_6.11.1.202404110753
2024-05-30 07:45:13,737 [INFO] MainUpdater:2873 - connection check result : 10
2024-05-30 07:45:13,738 [INFO] MainUpdater:290 - Updater Check For Update Now.
2024-05-30 07:45:13,738 [INFO] MicroXplorer:498 - Change Database Version : DB.6.0.111
2024-05-30 07:45:13,753 [INFO] McuFinderGlobals:63 - Set McuFinder mode to 2 (CubeIDE integrated)
2024-05-30 07:45:13,753 [INFO] UserAuth:179 - activating auth plugin
2024-05-30 07:45:13,758 [INFO] UserAuth:415 - Internet connection configuration mode: 1
2024-05-30 07:45:13,791 [INFO] JxBrowserEngine:152 - Initiate JxBrowser Engine with user profile folder
2024-05-30 07:45:13,968 [INFO] CheckServerUpdateThread:120 - End of CheckServer Thread
2024-05-30 07:45:15,156 [WARN] PackLoader:240 - Cannot read IP mode file for STMicroelectronics.FP-SNS-MOTENVWB1.1.4.0
2024-05-30 07:45:15,176 [WARN] PackLoader:240 - Cannot read IP mode file for STMicroelectronics.X-CUBE-SMBUS.2.1.0
2024-05-30 07:45:15,184 [WARN] PackLoader:240 - Cannot read IP mode file for STMicroelectronics.X-CUBE-TOUCHGFX.4.23.2
2024-05-30 07:45:15,245 [WARN] PackLoader:240 - Cannot read IP mode file for STMicroelectronics.X-CUBE-AZRTOS-F7.1.1.0
2024-05-30 07:45:15,265 [WARN] PackLoader:240 - Cannot read IP mode file for STMicroelectronics.FP-SNS-FLIGHT1.5.0.2
2024-05-30 07:45:15,281 [WARN] PackLoader:240 - Cannot read IP mode file for STMicroelectronics.X-CUBE-DISPLAY.3.0.0
2024-05-30 07:45:15,311 [WARN] PackLoader:240 - Cannot read IP mode file for STMicroelectronics.X-CUBE-BLE1.7.0.0
2024-05-30 07:45:15,325 [WARN] PackLoader:240 - Cannot read IP mode file for emotas.I-CUBE-CANOPEN.1.3.0
2024-05-30 07:45:15,344 [WARN] PackLoader:240 - Cannot read IP mode file for STMicroelectronics.X-CUBE-BLEMGR.3.1.0
2024-05-30 07:45:15,361 [WARN] PackLoader:240 - Cannot read IP mode file for STMicroelectronics.FP-SNS-SMARTAG2.1.2.0
2024-05-30 07:45:15,380 [INFO] LogOutputStream:77 - [STDOUT_REDIRECT] 1 : Invalid condition id : UX_CORESTACK_Condition cause : null
2024-05-30 07:45:15,381 [INFO] LogOutputStream:77 - [STDOUT_REDIRECT] 1 : Invalid condition id : UX_CORESTACK_Condition cause : null
2024-05-30 07:45:15,382 [INFO] LogOutputStream:77 - [STDOUT_REDIRECT] 1 : Invalid condition id : UX_CORESTACK_Condition cause : null
2024-05-30 07:45:15,384 [INFO] LogOutputStream:77 - [STDOUT_REDIRECT] 1 : Invalid condition id : UX_CORESTACK_Condition cause : null
2024-05-30 07:45:15,386 [INFO] LogOutputStream:77 - [STDOUT_REDIRECT] 1 : Invalid condition id : UX_CORESTACK_Condition cause : null
2024-05-30 07:45:15,389 [WARN] PackLoader:240 - Cannot read IP mode file for STMicroelectronics.X-CUBE-AZRTOS-WL.2.0.0
2024-05-30 07:45:15,399 [WARN] PackLoader:240 - Cannot read IP mode file for STMicroelectronics.FP-SNS-MOTENV1.5.0.0
2024-05-30 07:45:15,417 [WARN] PackLoader:240 - Cannot read IP mode file for WES.I-CUBE-Cesium.1.3.0
2024-05-30 07:45:15,427 [WARN] PackLoader:240 - Cannot read IP mode file for STMicroelectronics.X-CUBE-BLE2.3.3.0
2024-05-30 07:45:15,439 [WARN] PackLoader:240 - Cannot read IP mode file for STMicroelectronics.X-CUBE-TCPP.4.1.0
2024-05-30 07:45:15,515 [WARN] PackLoader:240 - Cannot read IP mode file for STMicroelectronics.X-CUBE-AZRTOS-G0.1.1.0
2024-05-30 07:45:15,571 [WARN] PackLoader:240 - Cannot read IP mode file for STMicroelectronics.X-CUBE-SAFEA1.1.2.2
2024-05-30 07:45:15,629 [WARN] PackLoader:240 - Cannot read IP mode file for STMicroelectronics.X-CUBE-NFC4.3.0.0
2024-05-30 07:45:15,645 [WARN] PackLoader:240 - Cannot read IP mode file for wolfSSL.I-CUBE-wolfSSL.5.7.0
2024-05-30 07:45:15,658 [WARN] PackLoader:240 - Cannot read IP mode file for STMicroelectronics.FP-ATR-SIGFOX1.3.2.0
2024-05-30 07:45:15,689 [WARN] PackLoader:240 - Cannot read IP mode file for STMicroelectronics.X-CUBE-EEPRMA1.5.1.0
2024-05-30 07:45:15,707 [WARN] PackLoader:240 - Cannot read IP mode file for ITTIA_DB.I-CUBE-ITTIADB.8.9.0
2024-05-30 07:45:15,840 [WARN] PackLoader:240 - Cannot read IP mode file for SEGGER.I-CUBE-embOS.1.3.1
2024-05-30 07:45:16,001 [WARN] PackLoader:240 - Cannot read IP mode file for STMicroelectronics.X-CUBE-ALGOBUILD.1.4.0
2024-05-30 07:45:16,013 [WARN] PackLoader:240 - Cannot read IP mode file for STMicroelectronics.X-CUBE-GNSS1.6.0.0
2024-05-30 07:45:16,063 [WARN] PackLoader:240 - Cannot read IP mode file for STMicroelectronics.X-CUBE-AZRTOS-F4.1.1.0
2024-05-30 07:45:16,087 [WARN] PackLoader:240 - Cannot read IP mode file for STMicroelectronics.X-CUBE-FREERTOS.1.2.0
2024-05-30 07:45:16,117 [WARN] PackLoader:240 - Cannot read IP mode file for STMicroelectronics.X-CUBE-AZRTOS-L5.2.0.0
2024-05-30 07:45:16,124 [INFO] WebApp:161 - Instantiating new browser for Auth
2024-05-30 07:45:16,138 [WARN] PackLoader:240 - Cannot read IP mode file for STMicroelectronics.X-CUBE-NFC6.3.1.0
2024-05-30 07:45:16,154 [WARN] PackLoader:240 - Cannot read IP mode file for STMicroelectronics.X-CUBE-AI.9.0.0
2024-05-30 07:45:16,175 [WARN] PackLoader:240 - Cannot read IP mode file for STMicroelectronics.X-CUBE-NFC7.1.0.1
2024-05-30 07:45:16,261 [WARN] ConditionMgr:438 - getConditionDescription Invalid condition id : LAN8742 Phy interface Condition cause : null
2024-05-30 07:45:16,263 [WARN] PackLoader:240 - Cannot read IP mode file for STMicroelectronics.X-CUBE-AZRTOS-L4.2.0.0
2024-05-30 07:45:16,266 [WARN] ConditionMgr:1039 - genDependencies : Invalid condition id : LAN8742 Phy interface Condition cause : null
2024-05-30 07:45:16,266 [WARN] ConditionMgr:1039 - genDependencies : Invalid condition id : LAN8742 Phy interface Condition cause : null
2024-05-30 07:45:16,268 [WARN] ConditionMgr:1039 - genDependencies : Invalid condition id : LAN8742 Phy interface Condition cause : null
2024-05-30 07:45:16,282 [WARN] PackLoader:240 - Cannot read IP mode file for STMicroelectronics.X-CUBE-SFXS2LP1.4.0.0
2024-05-30 07:45:16,304 [WARN] ConditionMgr:438 - getConditionDescription Invalid condition id : UX DEVICE CLASS RTOS Condition cause : null
2024-05-30 07:45:16,306 [WARN] ConditionMgr:438 - getConditionDescription Invalid condition id : UX DEVICE CLASS RTOS Condition cause : null
2024-05-30 07:45:16,307 [WARN] PackLoader:240 - Cannot read IP mode file for STMicroelectronics.X-CUBE-AZRTOS-WB.2.0.0
2024-05-30 07:45:16,309 [WARN] ConditionMgr:1039 - genDependencies : Invalid condition id : UX DEVICE CLASS RTOS Condition cause : null
2024-05-30 07:45:16,309 [WARN] ConditionMgr:1039 - genDependencies : Invalid condition id : UX DEVICE CLASS RTOS Condition cause : null
2024-05-30 07:45:16,310 [WARN] ConditionMgr:1039 - genDependencies : Invalid condition id : UX DEVICE CLASS RTOS Condition cause : null
2024-05-30 07:45:16,310 [WARN] ConditionMgr:1039 - genDependencies : Invalid condition id : UX DEVICE CLASS RTOS Condition cause : null
2024-05-30 07:45:16,310 [WARN] ConditionMgr:1039 - genDependencies : Invalid condition id : UX DEVICE CLASS RTOS Condition cause : null
2024-05-30 07:45:16,330 [WARN] PackLoader:240 - Cannot read IP mode file for STMicroelectronics.X-CUBE-SUBG2.5.0.0
2024-05-30 07:45:16,348 [WARN] PackLoader:240 - Cannot read IP mode file for Cesanta.I-CUBE-Mongoose.7.13.0
2024-05-30 07:45:16,376 [WARN] PackLoader:240 - Cannot read IP mode file for STMicroelectronics.X-CUBE-AZRTOS-G4.2.0.0
2024-05-30 07:45:16,396 [WARN] PackLoader:240 - Cannot read IP mode file for STMicroelectronics.X-CUBE-ISPU.2.0.0
2024-05-30 07:45:16,406 [WARN] PackLoader:240 - Cannot read IP mode file for STMicroelectronics.X-CUBE-ALS.1.0.2
2024-05-30 07:45:16,491 [WARN] PackLoader:240 - Cannot read IP mode file for STMicroelectronics.X-CUBE-MEMS1.10.0.0
2024-05-30 07:45:16,676 [WARN] PackLoader:240 - Cannot read IP mode file for portGmbH.I-Cube-SoM-uGOAL.1.1.0
2024-05-30 07:45:16,701 [WARN] PackLoader:240 - Cannot read IP mode file for STMicroelectronics.X-CUBE-AZRTOS-H7RS.1.0.0
2024-05-30 07:45:16,711 [WARN] PackLoader:240 - Cannot read IP mode file for STMicroelectronics.FP-ATR-ASTRA1.2.0.0
2024-05-30 07:45:16,726 [WARN] PackLoader:240 - Cannot read IP mode file for STMicroelectronics.X-CUBE-TOF1.3.4.1
2024-05-30 07:45:16,781 [WARN] PackLoader:240 - Cannot read IP mode file for STMicroelectronics.X-CUBE-AZRTOS-H7.3.2.0
2024-05-30 07:45:16,805 [WARN] PackLoader:240 - Cannot read IP mode file for Infineon.AIROC-Wi-Fi-Bluetooth-STM32.1.6.0
2024-05-30 07:45:16,809 [INFO] ThirdParty:978 - Integrity check success = true
2024-05-30 07:45:16,810 [INFO] IntegrityCheckThread:100 - exiting critical section [integrity check]
2024-05-30 07:45:16,810 [INFO] IntegrityCheckThread:103 - End integrity checks thread
2024-05-30 07:45:17,415 [INFO] WebApp:779 - Register for checkConnection events
2024-05-30 07:45:17,415 [INFO] WebApp:414 - Apply proxy settings
2024-05-30 07:45:17,415 [INFO] WebApp:499 - Chromium requires no authentication
2024-05-30 07:45:17,425 [INFO] WebApp:442 - Direct internet connection detected
2024-05-30 07:45:17,686 [INFO] WebApp:192 - Starting web application
2024-05-30 07:45:17,687 [INFO] WebApp:544 - Web application path used C:\ST\STM32CubeIDE_1.15.1\STM32CubeIDE\plugins\com.st.stm32cube.common.mx_6.11.1.202404110753\db\plugins\mcufinder\reactClient1\index.html
2024-05-30 10:10:43,779 [ERROR] LogOutputStream:75 - [STDERR_REDIRECT] 
